#
# There is insufficient memory for the Java Runtime Environment to continue.
# Native memory allocation (malloc) failed to allocate 1183616 bytes for Chunk::new
# Possible reasons:
#   The system is out of physical RAM or swap space
#   The process is running with CompressedOops enabled, and the Java Heap may be blocking the growth of the native heap
# Possible solutions:
#   Reduce memory load on the system
#   Increase physical memory or swap space
#   Check if swap backing store is full
#   Decrease Java heap size (-Xmx/-Xms)
#   Decrease number of Java threads
#   Decrease Java thread stack sizes (-Xss)
#   Set larger code cache with -XX:ReservedCodeCacheSize=
#   JVM is running with Unscaled Compressed Oops mode in which the Java heap is
#     placed in the first 4GB address space. The Java Heap base address is the
#     maximum limit for the native heap growth. Please use -XX:HeapBaseMinAddress
#     to set the Java Heap base and to place the Java Heap above 4GB virtual address.
# This output file may be truncated or incomplete.
#
#  Out of Memory Error (./src/hotspot/share/memory/arena.cpp:197), pid=73960, tid=78616
#
# JRE version: OpenJDK Runtime Environment (11.0.10) (build 11.0.10+0-b96-7249189)
# Java VM: OpenJDK 64-Bit Server VM (11.0.10+0-b96-7249189, mixed mode, tiered, compressed oops, g1 gc, windows-amd64)
# No core dump will be written. Minidumps are not enabled by default on client versions of Windows
#

---------------  S U M M A R Y ------------

Command Line: --add-opens=java.base/java.util=ALL-UNNAMED --add-opens=java.base/java.lang=ALL-UNNAMED --add-opens=java.base/java.lang.invoke=ALL-UNNAMED --add-opens=java.base/java.util=ALL-UNNAMED --add-opens=java.prefs/java.util.prefs=ALL-UNNAMED --add-opens=java.prefs/java.util.prefs=ALL-UNNAMED --add-opens=java.base/java.nio.charset=ALL-UNNAMED --add-opens=java.base/java.net=ALL-UNNAMED --add-opens=java.base/java.util.concurrent.atomic=ALL-UNNAMED -Xmx2048m -Dfile.encoding=UTF-8 -Duser.country=US -Duser.language=en -Duser.variant org.gradle.launcher.daemon.bootstrap.GradleDaemon 7.0.2

Host: Intel(R) Core(TM) i5-7300HQ CPU @ 2.50GHz, 4 cores, 19G,  Windows 10 , 64 bit Build 19041 (10.0.19041.1202)
Time: Thu Oct  7 23:42:04 2021 Central Daylight Time elapsed time: 1143.341951 seconds (0d 0h 19m 3s)

---------------  T H R E A D  ---------------

Current thread (0x00000231bc567000):  JavaThread "C2 CompilerThread0" daemon [_thread_in_native, id=78616, stack(0x0000005650500000,0x0000005650600000)]


Current CompileTask:
C2:1143342 22343 %     4       com.android.tools.r8.dex.j::a @ 315 (1038 bytes)

Stack: [0x0000005650500000,0x0000005650600000]
Native frames: (J=compiled Java code, j=interpreted, Vv=VM code, C=native code)
V  [jvm.dll+0x5ecfaa]
V  [jvm.dll+0x722bd5]
V  [jvm.dll+0x72412d]
V  [jvm.dll+0x7247e3]
V  [jvm.dll+0x242928]
V  [jvm.dll+0xbc4fc]
V  [jvm.dll+0xbca0c]
V  [jvm.dll+0x2b4fd4]
V  [jvm.dll+0x506028]
V  [jvm.dll+0x203253]
V  [jvm.dll+0x1fd07c]
V  [jvm.dll+0x1fa77f]
V  [jvm.dll+0x18354c]
V  [jvm.dll+0x208ee7]
V  [jvm.dll+0x207731]
V  [jvm.dll+0x6eb1cf]
V  [jvm.dll+0x6e3d45]
V  [jvm.dll+0x5ebe96]
C  [ucrtbase.dll+0x21bb2]
C  [KERNEL32.DLL+0x17034]
C  [ntdll.dll+0x52651]


---------------  P R O C E S S  ---------------

Threads class SMR info:
_java_thread_list=0x00000231bea2af00, length=57, elements={
0x00000231a2093000, 0x00000231bc503000, 0x00000231bc505000, 0x00000231bc55f800,
0x00000231bc562000, 0x00000231bc563000, 0x00000231bc567000, 0x00000231bc5ca800,
0x00000231bc5cf800, 0x00000231bc6c1800, 0x00000231bd6bc800, 0x00000231bcbad800,
0x00000231bce6a800, 0x00000231bcb28800, 0x00000231bcb27800, 0x00000231bcb26800,
0x00000231bcb2a000, 0x00000231bcb2b000, 0x00000231bcb25000, 0x00000231bcb26000,
0x00000231c0a0a000, 0x00000231c0a06800, 0x00000231c0a08000, 0x00000231c0a06000,
0x00000231c0a10800, 0x00000231c0a07800, 0x00000231c0a0a800, 0x00000231c0a05000,
0x00000231c0a0b800, 0x00000231c0a0e000, 0x00000231c0a0f000, 0x00000231c0a0f800,
0x00000231c0a0c800, 0x00000231c0a13000, 0x00000231c0a0d000, 0x00000231c0a13800,
0x00000231bcb29000, 0x00000231bcb24800, 0x00000231c10bd000, 0x00000231c10bf800,
0x00000231c10bb000, 0x00000231c10c2000, 0x00000231c10c1000, 0x00000231c10bc000,
0x00000231c10c0000, 0x00000231c10be800, 0x00000231c10c2800, 0x00000231c10c3800,
0x00000231c10bd800, 0x00000231c10c6800, 0x00000231c10c4000, 0x00000231c10ca000,
0x00000231c10c8800, 0x00000231c10c5000, 0x00000231c10c6000, 0x00000231c10c9000,
0x00000231c9cd5800
}

Java Threads: ( => current thread )
  0x00000231a2093000 JavaThread "main" [_thread_blocked, id=78928, stack(0x000000564f900000,0x000000564fa00000)]
  0x00000231bc503000 JavaThread "Reference Handler" daemon [_thread_blocked, id=47856, stack(0x0000005650000000,0x0000005650100000)]
  0x00000231bc505000 JavaThread "Finalizer" daemon [_thread_blocked, id=71808, stack(0x0000005650100000,0x0000005650200000)]
  0x00000231bc55f800 JavaThread "Signal Dispatcher" daemon [_thread_blocked, id=31464, stack(0x0000005650200000,0x0000005650300000)]
  0x00000231bc562000 JavaThread "Attach Listener" daemon [_thread_blocked, id=27816, stack(0x0000005650300000,0x0000005650400000)]
  0x00000231bc563000 JavaThread "Service Thread" daemon [_thread_blocked, id=30368, stack(0x0000005650400000,0x0000005650500000)]
=>0x00000231bc567000 JavaThread "C2 CompilerThread0" daemon [_thread_in_native, id=78616, stack(0x0000005650500000,0x0000005650600000)]
  0x00000231bc5ca800 JavaThread "C1 CompilerThread0" daemon [_thread_blocked, id=60388, stack(0x0000005650600000,0x0000005650700000)]
  0x00000231bc5cf800 JavaThread "Sweeper thread" daemon [_thread_blocked, id=66372, stack(0x0000005650700000,0x0000005650800000)]
  0x00000231bc6c1800 JavaThread "Common-Cleaner" daemon [_thread_blocked, id=73004, stack(0x0000005650800000,0x0000005650900000)]
  0x00000231bd6bc800 JavaThread "Daemon health stats" [_thread_blocked, id=78652, stack(0x0000005650a00000,0x0000005650b00000)]
  0x00000231bcbad800 JavaThread "Incoming local TCP Connector on port 61441" [_thread_in_native, id=78132, stack(0x0000005650e00000,0x0000005650f00000)]
  0x00000231bce6a800 JavaThread "Daemon periodic checks" [_thread_blocked, id=27168, stack(0x0000005651000000,0x0000005651100000)]
  0x00000231bcb28800 JavaThread "Cache worker for file hash cache (C:\Users\Erlee\.gradle\caches\7.0.2\fileHashes)" [_thread_blocked, id=11620, stack(0x0000005651700000,0x0000005651800000)]
  0x00000231bcb27800 JavaThread "File lock request listener" [_thread_in_native, id=73112, stack(0x0000005651800000,0x0000005651900000)]
  0x00000231bcb26800 JavaThread "Cache worker for journal cache (C:\Users\Erlee\.gradle\caches\journal-1)" [_thread_blocked, id=17256, stack(0x0000005651900000,0x0000005651a00000)]
  0x00000231bcb2a000 JavaThread "File watcher server" daemon [_thread_in_native, id=78208, stack(0x0000005651c00000,0x0000005651d00000)]
  0x00000231bcb2b000 JavaThread "File watcher consumer" daemon [_thread_blocked, id=23308, stack(0x0000005651d00000,0x0000005651e00000)]
  0x00000231bcb25000 JavaThread "jar transforms" [_thread_blocked, id=79428, stack(0x0000005651e00000,0x0000005651f00000)]
  0x00000231bcb26000 JavaThread "jar transforms Thread 2" [_thread_blocked, id=23516, stack(0x0000005651f00000,0x0000005652000000)]
  0x00000231c0a0a000 JavaThread "jar transforms Thread 3" [_thread_blocked, id=79636, stack(0x0000005652000000,0x0000005652100000)]
  0x00000231c0a06800 JavaThread "jar transforms Thread 4" [_thread_blocked, id=26120, stack(0x0000005652100000,0x0000005652200000)]
  0x00000231c0a08000 JavaThread "Cache worker for execution history cache (C:\Users\Erlee\.gradle\caches\7.0.2\executionHistory)" [_thread_blocked, id=69284, stack(0x0000005652500000,0x0000005652600000)]
  0x00000231c0a06000 JavaThread "Cache worker for file content cache (C:\Users\Erlee\.gradle\caches\7.0.2\fileContent)" [_thread_blocked, id=71832, stack(0x0000005652600000,0x0000005652700000)]
  0x00000231c0a10800 JavaThread "Memory manager" [_thread_blocked, id=80100, stack(0x0000005652d00000,0x0000005652e00000)]
  0x00000231c0a07800 JavaThread "Daemon Thread 2" [_thread_blocked, id=13300, stack(0x000000564f600000,0x000000564f700000)]
  0x00000231c0a0a800 JavaThread "Handler for socket connection from /127.0.0.1:61441 to /127.0.0.1:62173" [_thread_in_native, id=74148, stack(0x000000564f700000,0x000000564f800000)]
  0x00000231c0a05000 JavaThread "Cancel handler" [_thread_blocked, id=73432, stack(0x000000564f800000,0x000000564f900000)]
  0x00000231c0a0b800 JavaThread "Daemon worker Thread 2" [_thread_blocked, id=16456, stack(0x0000005650f00000,0x0000005651000000)]
  0x00000231c0a0e000 JavaThread "Asynchronous log dispatcher for DefaultDaemonConnection: socket connection from /127.0.0.1:61441 to /127.0.0.1:62173" [_thread_blocked, id=25168, stack(0x0000005651100000,0x0000005651200000)]
  0x00000231c0a0f000 JavaThread "Stdin handler" [_thread_blocked, id=73348, stack(0x0000005651200000,0x0000005651300000)]
  0x00000231c0a0f800 JavaThread "Daemon client event forwarder" [_thread_blocked, id=80932, stack(0x0000005651300000,0x0000005651400000)]
  0x00000231c0a0c800 JavaThread "Cache worker for file hash cache (C:\Users\Erlee\AndroidStudioProjects\GitUploadTest\.gradle\7.0.2\fileHashes)" [_thread_blocked, id=69684, stack(0x0000005651400000,0x0000005651500000)]
  0x00000231c0a13000 JavaThread "Cache worker for checksums cache (C:\Users\Erlee\AndroidStudioProjects\GitUploadTest\.gradle\checksums)" [_thread_blocked, id=13568, stack(0x0000005651500000,0x0000005651600000)]
  0x00000231c0a0d000 JavaThread "Cache worker for cache directory md-supplier (C:\Users\Erlee\.gradle\caches\7.0.2\md-supplier)" [_thread_blocked, id=18376, stack(0x0000005651600000,0x0000005651700000)]
  0x00000231c0a13800 JavaThread "Cache worker for cache directory md-rule (C:\Users\Erlee\.gradle\caches\7.0.2\md-rule)" [_thread_blocked, id=80736, stack(0x0000005651a00000,0x0000005651b00000)]
  0x00000231bcb29000 JavaThread "Cache worker for dependencies-accessors (C:\Users\Erlee\AndroidStudioProjects\GitUploadTest\.gradle\7.0.2\dependencies-accessors)" [_thread_blocked, id=24256, stack(0x0000005651b00000,0x0000005651c00000)]
  0x00000231bcb24800 JavaThread "Cache worker for Build Output Cleanup Cache (C:\Users\Erlee\AndroidStudioProjects\GitUploadTest\.gradle\buildOutputCleanup)" [_thread_blocked, id=79964, stack(0x0000005652300000,0x0000005652400000)]
  0x00000231c10bd000 JavaThread "Build operations" [_thread_blocked, id=25176, stack(0x0000005652400000,0x0000005652500000)]
  0x00000231c10bf800 JavaThread "Build operations Thread 2" [_thread_blocked, id=64944, stack(0x0000005652700000,0x0000005652800000)]
  0x00000231c10bb000 JavaThread "Build operations Thread 3" [_thread_blocked, id=81040, stack(0x0000005652800000,0x0000005652900000)]
  0x00000231c10c2000 JavaThread "Build operations Thread 4" [_thread_blocked, id=9960, stack(0x0000005652900000,0x0000005652a00000)]
  0x00000231c10c1000 JavaThread "build event listener" [_thread_blocked, id=74424, stack(0x0000005652a00000,0x0000005652b00000)]
  0x00000231c10bc000 JavaThread "Execution worker for ':'" [_thread_blocked, id=12816, stack(0x0000005652b00000,0x0000005652c00000)]
  0x00000231c10c0000 JavaThread "Execution worker for ':' Thread 2" [_thread_blocked, id=80104, stack(0x0000005652c00000,0x0000005652d00000)]
  0x00000231c10be800 JavaThread "Execution worker for ':' Thread 3" [_thread_in_Java, id=66548, stack(0x0000005652e00000,0x0000005652f00000)]
  0x00000231c10c2800 JavaThread "Cache worker for execution history cache (C:\Users\Erlee\AndroidStudioProjects\GitUploadTest\.gradle\7.0.2\executionHistory)" [_thread_blocked, id=63320, stack(0x0000005652f00000,0x0000005653000000)]
  0x00000231c10c3800 JavaThread "WorkerExecutor Queue" [_thread_blocked, id=75004, stack(0x0000005652200000,0x0000005652300000)]
  0x00000231c10bd800 JavaThread "WorkerExecutor Queue Thread 2" [_thread_blocked, id=18708, stack(0x0000005653100000,0x0000005653200000)]
  0x00000231c10c6800 JavaThread "WorkerExecutor Queue Thread 3" [_thread_blocked, id=29360, stack(0x0000005653400000,0x0000005653500000)]
  0x00000231c10c4000 JavaThread "WorkerExecutor Queue Thread 4" [_thread_blocked, id=77884, stack(0x0000005653500000,0x0000005653600000)]
  0x00000231c10ca000 JavaThread "pool-4-thread-1" [_thread_blocked, id=59432, stack(0x0000005653600000,0x0000005653700000)]
  0x00000231c10c8800 JavaThread "stderr" [_thread_in_native, id=54176, stack(0x0000005653700000,0x0000005653800000)]
  0x00000231c10c5000 JavaThread "stdout" [_thread_in_native, id=33656, stack(0x0000005653800000,0x0000005653900000)]
  0x00000231c10c6000 JavaThread "Cache worker for Java compile cache (C:\Users\Erlee\.gradle\caches\7.0.2\javaCompile)" [_thread_blocked, id=79172, stack(0x0000005653900000,0x0000005653a00000)]
  0x00000231c10c9000 JavaThread "Cache worker for Java compile cache (C:\Users\Erlee\AndroidStudioProjects\GitUploadTest\.gradle\7.0.2\javaCompile)" [_thread_blocked, id=79152, stack(0x0000005653a00000,0x0000005653b00000)]
  0x00000231c9cd5800 JavaThread "C2 CompilerThread1" daemon [_thread_in_native, id=23348, stack(0x0000005653300000,0x0000005653400000)]

Other Threads:
  0x00000231bbcae800 VMThread "VM Thread" [stack: 0x000000564ff00000,0x0000005650000000] [id=78568]
  0x00000231bc6f7000 WatcherThread [stack: 0x0000005650900000,0x0000005650a00000] [id=17096]
  0x000002319ff7d800 GCTaskThread "GC Thread#0" [stack: 0x000000564fa00000,0x000000564fb00000] [id=18512]
  0x00000231bcfda000 GCTaskThread "GC Thread#1" [stack: 0x0000005650b00000,0x0000005650c00000] [id=72052]
  0x00000231bd1ae800 GCTaskThread "GC Thread#2" [stack: 0x0000005650c00000,0x0000005650d00000] [id=78036]
  0x00000231bcaa9000 GCTaskThread "GC Thread#3" [stack: 0x0000005650d00000,0x0000005650e00000] [id=77256]
  0x00000231a20d6800 ConcurrentGCThread "G1 Main Marker" [stack: 0x000000564fb00000,0x000000564fc00000] [id=76312]
  0x00000231a20d9000 ConcurrentGCThread "G1 Conc#0" [stack: 0x000000564fc00000,0x000000564fd00000] [id=41956]
  0x00000231a216e000 ConcurrentGCThread "G1 Refine#0" [stack: 0x000000564fd00000,0x000000564fe00000] [id=77496]
  0x00000231be6ee800 ConcurrentGCThread "G1 Refine#1" [stack: 0x0000005653000000,0x0000005653100000] [id=23332]
  0x00000231be6f0000 ConcurrentGCThread "G1 Refine#2" [stack: 0x0000005653200000,0x0000005653300000] [id=65344]
  0x00000231be6ef000 ConcurrentGCThread "G1 Refine#3" [stack: 0x0000005653f00000,0x0000005654000000] [id=77984]
  0x00000231bbb4b000 ConcurrentGCThread "G1 Young RemSet Sampling" [stack: 0x000000564fe00000,0x000000564ff00000] [id=81748]

Threads with active compile tasks:
C2 CompilerThread01143373 22343 %     4       com.android.tools.r8.dex.j::a @ 315 (1038 bytes)
C2 CompilerThread11143373 22427   !   4       java.nio.file.Files::walkFileTree (294 bytes)

VM state:not at safepoint (normal execution)

VM Mutex/Monitor currently owned by a thread: None

Heap address: 0x0000000080000000, size: 2048 MB, Compressed Oops mode: 32-bit
Narrow klass base: 0x0000000000000000, Narrow klass shift: 3
Compressed class space size: 1073741824 Address: 0x0000000100000000

Heap:
 garbage-first heap   total 325632K, used 235688K [0x0000000080000000, 0x0000000100000000)
  region size 1024K, 105 young (107520K), 5 survivors (5120K)
 Metaspace       used 136152K, capacity 139923K, committed 140056K, reserved 1171456K
  class space    used 17165K, capacity 18585K, committed 18712K, reserved 1048576K
Heap Regions: E=young(eden), S=young(survivor), O=old, HS=humongous(starts), HC=humongous(continues), CS=collection set, F=free, A=archive, TAMS=top-at-mark-start (previous, next)
|   0|0x0000000080000000, 0x0000000080100000, 0x0000000080100000|100%| O|  |TAMS 0x0000000080100000, 0x0000000080000000| Untracked 
|   1|0x0000000080100000, 0x0000000080200000, 0x0000000080200000|100%| O|  |TAMS 0x0000000080200000, 0x0000000080100000| Untracked 
|   2|0x0000000080200000, 0x0000000080300000, 0x0000000080300000|100%| O|  |TAMS 0x0000000080300000, 0x0000000080200000| Untracked 
|   3|0x0000000080300000, 0x0000000080400000, 0x0000000080400000|100%|HS|  |TAMS 0x0000000080400000, 0x0000000080300000| Complete 
|   4|0x0000000080400000, 0x0000000080500000, 0x0000000080500000|100%|HC|  |TAMS 0x0000000080500000, 0x0000000080400000| Complete 
|   5|0x0000000080500000, 0x0000000080600000, 0x0000000080600000|100%|HC|  |TAMS 0x0000000080600000, 0x0000000080500000| Complete 
|   6|0x0000000080600000, 0x0000000080700000, 0x0000000080700000|100%| O|  |TAMS 0x0000000080700000, 0x0000000080600000| Untracked 
|   7|0x0000000080700000, 0x0000000080800000, 0x0000000080800000|100%| O|  |TAMS 0x0000000080800000, 0x0000000080700000| Untracked 
|   8|0x0000000080800000, 0x0000000080900000, 0x0000000080900000|100%| O|  |TAMS 0x0000000080900000, 0x0000000080800000| Untracked 
|   9|0x0000000080900000, 0x0000000080a00000, 0x0000000080a00000|100%| O|  |TAMS 0x0000000080a00000, 0x0000000080900000| Untracked 
|  10|0x0000000080a00000, 0x0000000080b00000, 0x0000000080b00000|100%| O|  |TAMS 0x0000000080b00000, 0x0000000080a00000| Untracked 
|  11|0x0000000080b00000, 0x0000000080c00000, 0x0000000080c00000|100%| O|  |TAMS 0x0000000080c00000, 0x0000000080b00000| Untracked 
|  12|0x0000000080c00000, 0x0000000080d00000, 0x0000000080d00000|100%| O|  |TAMS 0x0000000080d00000, 0x0000000080c00000| Untracked 
|  13|0x0000000080d00000, 0x0000000080e00000, 0x0000000080e00000|100%| O|  |TAMS 0x0000000080e00000, 0x0000000080d00000| Untracked 
|  14|0x0000000080e00000, 0x0000000080f00000, 0x0000000080f00000|100%|HS|  |TAMS 0x0000000080f00000, 0x0000000080e00000| Complete 
|  15|0x0000000080f00000, 0x0000000081000000, 0x0000000081000000|100%|HC|  |TAMS 0x0000000081000000, 0x0000000080f00000| Complete 
|  16|0x0000000081000000, 0x0000000081100000, 0x0000000081100000|100%|HS|  |TAMS 0x0000000081100000, 0x0000000081000000| Complete 
|  17|0x0000000081100000, 0x0000000081200000, 0x0000000081200000|100%|HC|  |TAMS 0x0000000081200000, 0x0000000081100000| Complete 
|  18|0x0000000081200000, 0x0000000081300000, 0x0000000081300000|100%|HC|  |TAMS 0x0000000081300000, 0x0000000081200000| Complete 
|  19|0x0000000081300000, 0x0000000081400000, 0x0000000081400000|100%|HS|  |TAMS 0x0000000081400000, 0x0000000081300000| Complete 
|  20|0x0000000081400000, 0x0000000081500000, 0x0000000081500000|100%|HC|  |TAMS 0x0000000081500000, 0x0000000081400000| Complete 
|  21|0x0000000081500000, 0x0000000081600000, 0x0000000081600000|100%|HC|  |TAMS 0x0000000081600000, 0x0000000081500000| Complete 
|  22|0x0000000081600000, 0x0000000081700000, 0x0000000081700000|100%|HC|  |TAMS 0x0000000081700000, 0x0000000081600000| Complete 
|  23|0x0000000081700000, 0x0000000081800000, 0x0000000081800000|100%|HC|  |TAMS 0x0000000081800000, 0x0000000081700000| Complete 
|  24|0x0000000081800000, 0x0000000081900000, 0x0000000081900000|100%|HS|  |TAMS 0x0000000081900000, 0x0000000081800000| Complete 
|  25|0x0000000081900000, 0x0000000081a00000, 0x0000000081a00000|100%| O|  |TAMS 0x0000000081a00000, 0x0000000081900000| Untracked 
|  26|0x0000000081a00000, 0x0000000081b00000, 0x0000000081b00000|100%| O|  |TAMS 0x0000000081b00000, 0x0000000081a00000| Untracked 
|  27|0x0000000081b00000, 0x0000000081c00000, 0x0000000081c00000|100%|HS|  |TAMS 0x0000000081c00000, 0x0000000081b00000| Complete 
|  28|0x0000000081c00000, 0x0000000081d00000, 0x0000000081d00000|100%|HC|  |TAMS 0x0000000081d00000, 0x0000000081c00000| Complete 
|  29|0x0000000081d00000, 0x0000000081e00000, 0x0000000081e00000|100%|HC|  |TAMS 0x0000000081e00000, 0x0000000081d00000| Complete 
|  30|0x0000000081e00000, 0x0000000081f00000, 0x0000000081f00000|100%|HC|  |TAMS 0x0000000081f00000, 0x0000000081e00000| Complete 
|  31|0x0000000081f00000, 0x0000000082000000, 0x0000000082000000|100%|HC|  |TAMS 0x0000000082000000, 0x0000000081f00000| Complete 
|  32|0x0000000082000000, 0x0000000082100000, 0x0000000082100000|100%|HS|  |TAMS 0x0000000082100000, 0x0000000082000000| Complete 
|  33|0x0000000082100000, 0x0000000082200000, 0x0000000082200000|100%|HC|  |TAMS 0x0000000082200000, 0x0000000082100000| Complete 
|  34|0x0000000082200000, 0x0000000082300000, 0x0000000082300000|100%|HC|  |TAMS 0x0000000082300000, 0x0000000082200000| Complete 
|  35|0x0000000082300000, 0x0000000082400000, 0x0000000082400000|100%| O|  |TAMS 0x0000000082400000, 0x0000000082300000| Untracked 
|  36|0x0000000082400000, 0x0000000082500000, 0x0000000082500000|100%| O|  |TAMS 0x0000000082500000, 0x0000000082400000| Untracked 
|  37|0x0000000082500000, 0x0000000082600000, 0x0000000082600000|100%| O|  |TAMS 0x0000000082600000, 0x0000000082500000| Untracked 
|  38|0x0000000082600000, 0x0000000082700000, 0x0000000082700000|100%| O|  |TAMS 0x0000000082700000, 0x0000000082600000| Untracked 
|  39|0x0000000082700000, 0x0000000082800000, 0x0000000082800000|100%| O|  |TAMS 0x0000000082800000, 0x0000000082700000| Untracked 
|  40|0x0000000082800000, 0x0000000082900000, 0x0000000082900000|100%| O|  |TAMS 0x0000000082900000, 0x0000000082800000| Untracked 
|  41|0x0000000082900000, 0x0000000082a00000, 0x0000000082a00000|100%| O|  |TAMS 0x0000000082a00000, 0x0000000082900000| Untracked 
|  42|0x0000000082a00000, 0x0000000082b00000, 0x0000000082b00000|100%| O|  |TAMS 0x0000000082b00000, 0x0000000082a00000| Untracked 
|  43|0x0000000082b00000, 0x0000000082c00000, 0x0000000082c00000|100%| O|  |TAMS 0x0000000082c00000, 0x0000000082b00000| Untracked 
|  44|0x0000000082c00000, 0x0000000082d00000, 0x0000000082d00000|100%|HS|  |TAMS 0x0000000082d00000, 0x0000000082c00000| Complete 
|  45|0x0000000082d00000, 0x0000000082e00000, 0x0000000082e00000|100%|HS|  |TAMS 0x0000000082e00000, 0x0000000082d00000| Complete 
|  46|0x0000000082e00000, 0x0000000082f00000, 0x0000000082f00000|100%|HC|  |TAMS 0x0000000082f00000, 0x0000000082e00000| Complete 
|  47|0x0000000082f00000, 0x0000000083000000, 0x0000000083000000|100%| O|  |TAMS 0x0000000083000000, 0x0000000082f00000| Untracked 
|  48|0x0000000083000000, 0x0000000083100000, 0x0000000083100000|100%| O|  |TAMS 0x0000000083100000, 0x0000000083000000| Untracked 
|  49|0x0000000083100000, 0x0000000083200000, 0x0000000083200000|100%| O|  |TAMS 0x0000000083200000, 0x0000000083100000| Untracked 
|  50|0x0000000083200000, 0x0000000083300000, 0x0000000083300000|100%| O|  |TAMS 0x0000000083300000, 0x0000000083200000| Untracked 
|  51|0x0000000083300000, 0x0000000083400000, 0x0000000083400000|100%| O|  |TAMS 0x0000000083400000, 0x0000000083300000| Untracked 
|  52|0x0000000083400000, 0x0000000083500000, 0x0000000083500000|100%| O|  |TAMS 0x0000000083500000, 0x0000000083400000| Untracked 
|  53|0x0000000083500000, 0x0000000083600000, 0x0000000083600000|100%| O|  |TAMS 0x0000000083600000, 0x0000000083500000| Untracked 
|  54|0x0000000083600000, 0x0000000083700000, 0x0000000083700000|100%| O|  |TAMS 0x0000000083700000, 0x0000000083600000| Untracked 
|  55|0x0000000083700000, 0x0000000083800000, 0x0000000083800000|100%| O|  |TAMS 0x0000000083800000, 0x0000000083700000| Untracked 
|  56|0x0000000083800000, 0x0000000083900000, 0x0000000083900000|100%| O|  |TAMS 0x0000000083900000, 0x0000000083800000| Untracked 
|  57|0x0000000083900000, 0x0000000083a00000, 0x0000000083a00000|100%| O|  |TAMS 0x0000000083a00000, 0x0000000083900000| Untracked 
|  58|0x0000000083a00000, 0x0000000083b00000, 0x0000000083b00000|100%| O|  |TAMS 0x0000000083b00000, 0x0000000083a00000| Untracked 
|  59|0x0000000083b00000, 0x0000000083c00000, 0x0000000083c00000|100%| O|  |TAMS 0x0000000083c00000, 0x0000000083b00000| Untracked 
|  60|0x0000000083c00000, 0x0000000083d00000, 0x0000000083d00000|100%| O|  |TAMS 0x0000000083d00000, 0x0000000083c00000| Untracked 
|  61|0x0000000083d00000, 0x0000000083e00000, 0x0000000083e00000|100%| O|  |TAMS 0x0000000083e00000, 0x0000000083d00000| Untracked 
|  62|0x0000000083e00000, 0x0000000083f00000, 0x0000000083f00000|100%| O|  |TAMS 0x0000000083f00000, 0x0000000083e00000| Untracked 
|  63|0x0000000083f00000, 0x0000000084000000, 0x0000000084000000|100%| O|  |TAMS 0x0000000084000000, 0x0000000083f00000| Untracked 
|  64|0x0000000084000000, 0x0000000084100000, 0x0000000084100000|100%| O|  |TAMS 0x0000000084100000, 0x0000000084000000| Untracked 
|  65|0x0000000084100000, 0x0000000084200000, 0x0000000084200000|100%| O|  |TAMS 0x0000000084200000, 0x0000000084100000| Untracked 
|  66|0x0000000084200000, 0x0000000084300000, 0x0000000084300000|100%| O|  |TAMS 0x0000000084300000, 0x0000000084200000| Untracked 
|  67|0x0000000084300000, 0x0000000084400000, 0x0000000084400000|100%| O|  |TAMS 0x0000000084400000, 0x0000000084300000| Untracked 
|  68|0x0000000084400000, 0x0000000084500000, 0x0000000084500000|100%| O|  |TAMS 0x0000000084500000, 0x0000000084400000| Untracked 
|  69|0x0000000084500000, 0x0000000084600000, 0x0000000084600000|100%| O|  |TAMS 0x0000000084600000, 0x0000000084500000| Untracked 
|  70|0x0000000084600000, 0x0000000084700000, 0x0000000084700000|100%| O|  |TAMS 0x0000000084700000, 0x0000000084600000| Untracked 
|  71|0x0000000084700000, 0x0000000084800000, 0x0000000084800000|100%| O|  |TAMS 0x0000000084800000, 0x0000000084700000| Untracked 
|  72|0x0000000084800000, 0x0000000084900000, 0x0000000084900000|100%| O|  |TAMS 0x0000000084900000, 0x0000000084800000| Untracked 
|  73|0x0000000084900000, 0x0000000084a00000, 0x0000000084a00000|100%| O|  |TAMS 0x0000000084a00000, 0x0000000084900000| Untracked 
|  74|0x0000000084a00000, 0x0000000084b00000, 0x0000000084b00000|100%| O|  |TAMS 0x0000000084b00000, 0x0000000084a00000| Untracked 
|  75|0x0000000084b00000, 0x0000000084c00000, 0x0000000084c00000|100%| O|  |TAMS 0x0000000084c00000, 0x0000000084b00000| Untracked 
|  76|0x0000000084c00000, 0x0000000084d00000, 0x0000000084d00000|100%| O|  |TAMS 0x0000000084d00000, 0x0000000084c00000| Untracked 
|  77|0x0000000084d00000, 0x0000000084e00000, 0x0000000084e00000|100%| O|  |TAMS 0x0000000084e00000, 0x0000000084d00000| Untracked 
|  78|0x0000000084e00000, 0x0000000084f00000, 0x0000000084f00000|100%| O|  |TAMS 0x0000000084f00000, 0x0000000084e00000| Untracked 
|  79|0x0000000084f00000, 0x0000000085000000, 0x0000000085000000|100%| O|  |TAMS 0x0000000085000000, 0x0000000084f00000| Untracked 
|  80|0x0000000085000000, 0x0000000085100000, 0x0000000085100000|100%| O|  |TAMS 0x0000000085100000, 0x0000000085000000| Untracked 
|  81|0x0000000085100000, 0x0000000085200000, 0x0000000085200000|100%| O|  |TAMS 0x0000000085200000, 0x0000000085100000| Untracked 
|  82|0x0000000085200000, 0x0000000085300000, 0x0000000085300000|100%| O|  |TAMS 0x0000000085300000, 0x0000000085200000| Untracked 
|  83|0x0000000085300000, 0x0000000085400000, 0x0000000085400000|100%| O|  |TAMS 0x0000000085400000, 0x0000000085300000| Untracked 
|  84|0x0000000085400000, 0x0000000085500000, 0x0000000085500000|100%| O|  |TAMS 0x0000000085500000, 0x0000000085400000| Untracked 
|  85|0x0000000085500000, 0x0000000085600000, 0x0000000085600000|100%| O|  |TAMS 0x0000000085600000, 0x0000000085500000| Untracked 
|  86|0x0000000085600000, 0x0000000085700000, 0x0000000085700000|100%| O|  |TAMS 0x0000000085700000, 0x0000000085600000| Untracked 
|  87|0x0000000085700000, 0x0000000085800000, 0x0000000085800000|100%| O|  |TAMS 0x0000000085800000, 0x0000000085700000| Untracked 
|  88|0x0000000085800000, 0x0000000085900000, 0x0000000085900000|100%| O|  |TAMS 0x0000000085900000, 0x0000000085800000| Untracked 
|  89|0x0000000085900000, 0x0000000085a00000, 0x0000000085a00000|100%| O|  |TAMS 0x0000000085a00000, 0x0000000085900000| Untracked 
|  90|0x0000000085a00000, 0x0000000085b00000, 0x0000000085b00000|100%| O|  |TAMS 0x0000000085b00000, 0x0000000085a00000| Untracked 
|  91|0x0000000085b00000, 0x0000000085c00000, 0x0000000085c00000|100%| O|  |TAMS 0x0000000085b00000, 0x0000000085b00000| Untracked 
|  92|0x0000000085c00000, 0x0000000085d00000, 0x0000000085d00000|100%| O|  |TAMS 0x0000000085d00000, 0x0000000085c00000| Untracked 
|  93|0x0000000085d00000, 0x0000000085e00000, 0x0000000085e00000|100%|HS|  |TAMS 0x0000000085d00000, 0x0000000085d00000| Complete 
|  94|0x0000000085e00000, 0x0000000085f00000, 0x0000000085f00000|100%| O|  |TAMS 0x0000000085e00000, 0x0000000085e00000| Untracked 
|  95|0x0000000085f00000, 0x0000000086000000, 0x0000000086000000|100%| O|  |TAMS 0x0000000085f00000, 0x0000000085f00000| Untracked 
|  96|0x0000000086000000, 0x0000000086100000, 0x0000000086100000|100%| O|  |TAMS 0x0000000086100000, 0x0000000086000000| Untracked 
|  97|0x0000000086100000, 0x00000000861efc00, 0x0000000086200000| 93%| O|  |TAMS 0x0000000086100000, 0x0000000086100000| Untracked 
|  98|0x0000000086200000, 0x0000000086300000, 0x0000000086300000|100%| O|  |TAMS 0x0000000086300000, 0x0000000086200000| Untracked 
|  99|0x0000000086300000, 0x0000000086400000, 0x0000000086400000|100%| O|  |TAMS 0x0000000086400000, 0x0000000086300000| Untracked 
| 100|0x0000000086400000, 0x0000000086500000, 0x0000000086500000|100%|HS|  |TAMS 0x0000000086400000, 0x0000000086400000| Complete 
| 101|0x0000000086500000, 0x0000000086600000, 0x0000000086600000|100%|HC|  |TAMS 0x0000000086500000, 0x0000000086500000| Complete 
| 102|0x0000000086600000, 0x0000000086700000, 0x0000000086700000|100%|HS|  |TAMS 0x0000000086600000, 0x0000000086600000| Complete 
| 103|0x0000000086700000, 0x0000000086800000, 0x0000000086800000|100%|HS|  |TAMS 0x0000000086700000, 0x0000000086700000| Complete 
| 104|0x0000000086800000, 0x0000000086900000, 0x0000000086900000|100%| O|  |TAMS 0x0000000086900000, 0x0000000086800000| Untracked 
| 105|0x0000000086900000, 0x0000000086a00000, 0x0000000086a00000|100%| O|  |TAMS 0x0000000086a00000, 0x0000000086900000| Untracked 
| 106|0x0000000086a00000, 0x0000000086b00000, 0x0000000086b00000|100%| O|  |TAMS 0x0000000086b00000, 0x0000000086a00000| Untracked 
| 107|0x0000000086b00000, 0x0000000086c00000, 0x0000000086c00000|100%| O|  |TAMS 0x0000000086c00000, 0x0000000086b00000| Untracked 
| 108|0x0000000086c00000, 0x0000000086d00000, 0x0000000086d00000|100%|HS|  |TAMS 0x0000000086c00000, 0x0000000086c00000| Complete 
| 109|0x0000000086d00000, 0x0000000086e00000, 0x0000000086e00000|100%|HS|  |TAMS 0x0000000086d00000, 0x0000000086d00000| Complete 
| 110|0x0000000086e00000, 0x0000000086e00000, 0x0000000086f00000|  0%| F|  |TAMS 0x0000000086e00000, 0x0000000086e00000| Untracked 
| 111|0x0000000086f00000, 0x0000000086f00000, 0x0000000087000000|  0%| F|  |TAMS 0x0000000086f00000, 0x0000000086f00000| Untracked 
| 112|0x0000000087000000, 0x0000000087100000, 0x0000000087100000|100%| O|  |TAMS 0x0000000087100000, 0x0000000087000000| Untracked 
| 113|0x0000000087100000, 0x0000000087100000, 0x0000000087200000|  0%| F|  |TAMS 0x0000000087100000, 0x0000000087100000| Untracked 
| 114|0x0000000087200000, 0x0000000087300000, 0x0000000087300000|100%| O|  |TAMS 0x0000000087300000, 0x0000000087200000| Untracked 
| 115|0x0000000087300000, 0x0000000087400000, 0x0000000087400000|100%| O|  |TAMS 0x0000000087400000, 0x0000000087300000| Untracked 
| 116|0x0000000087400000, 0x0000000087400000, 0x0000000087500000|  0%| F|  |TAMS 0x0000000087400000, 0x0000000087400000| Untracked 
| 117|0x0000000087500000, 0x0000000087500000, 0x0000000087600000|  0%| F|  |TAMS 0x0000000087500000, 0x0000000087500000| Untracked 
| 118|0x0000000087600000, 0x0000000087600000, 0x0000000087700000|  0%| F|  |TAMS 0x0000000087600000, 0x0000000087600000| Untracked 
| 119|0x0000000087700000, 0x0000000087800000, 0x0000000087800000|100%| O|  |TAMS 0x0000000087800000, 0x0000000087700000| Untracked 
| 120|0x0000000087800000, 0x0000000087800000, 0x0000000087900000|  0%| F|  |TAMS 0x0000000087800000, 0x0000000087800000| Untracked 
| 121|0x0000000087900000, 0x0000000087900000, 0x0000000087a00000|  0%| F|  |TAMS 0x0000000087900000, 0x0000000087900000| Untracked 
| 122|0x0000000087a00000, 0x0000000087a00000, 0x0000000087b00000|  0%| F|  |TAMS 0x0000000087a00000, 0x0000000087a00000| Untracked 
| 123|0x0000000087b00000, 0x0000000087c00000, 0x0000000087c00000|100%| O|  |TAMS 0x0000000087c00000, 0x0000000087b00000| Untracked 
| 124|0x0000000087c00000, 0x0000000087d00000, 0x0000000087d00000|100%| O|  |TAMS 0x0000000087d00000, 0x0000000087c00000| Untracked 
| 125|0x0000000087d00000, 0x0000000087e00000, 0x0000000087e00000|100%| O|  |TAMS 0x0000000087e00000, 0x0000000087d00000| Untracked 
| 126|0x0000000087e00000, 0x0000000087f00000, 0x0000000087f00000|100%| O|  |TAMS 0x0000000087f00000, 0x0000000087e00000| Untracked 
| 127|0x0000000087f00000, 0x0000000087f00000, 0x0000000088000000|  0%| F|  |TAMS 0x0000000087f00000, 0x0000000087f00000| Untracked 
| 128|0x0000000088000000, 0x0000000088000000, 0x0000000088100000|  0%| F|  |TAMS 0x0000000088000000, 0x0000000088000000| Untracked 
| 129|0x0000000088100000, 0x0000000088100000, 0x0000000088200000|  0%| F|  |TAMS 0x0000000088100000, 0x0000000088100000| Untracked 
| 130|0x0000000088200000, 0x0000000088200000, 0x0000000088300000|  0%| F|  |TAMS 0x0000000088200000, 0x0000000088200000| Untracked 
| 131|0x0000000088300000, 0x0000000088300000, 0x0000000088400000|  0%| F|  |TAMS 0x0000000088300000, 0x0000000088300000| Untracked 
| 132|0x0000000088400000, 0x0000000088400000, 0x0000000088500000|  0%| F|  |TAMS 0x0000000088400000, 0x0000000088400000| Untracked 
| 133|0x0000000088500000, 0x0000000088500000, 0x0000000088600000|  0%| F|  |TAMS 0x0000000088500000, 0x0000000088500000| Untracked 
| 134|0x0000000088600000, 0x0000000088700000, 0x0000000088700000|100%| O|  |TAMS 0x0000000088700000, 0x0000000088600000| Untracked 
| 135|0x0000000088700000, 0x0000000088800000, 0x0000000088800000|100%| O|  |TAMS 0x0000000088800000, 0x0000000088700000| Untracked 
| 136|0x0000000088800000, 0x0000000088800000, 0x0000000088900000|  0%| F|  |TAMS 0x0000000088800000, 0x0000000088800000| Untracked 
| 137|0x0000000088900000, 0x0000000088a00000, 0x0000000088a00000|100%| O|  |TAMS 0x000000008898fc00, 0x0000000088900000| Untracked 
| 138|0x0000000088a00000, 0x0000000088b00000, 0x0000000088b00000|100%| O|  |TAMS 0x0000000088b00000, 0x0000000088a00000| Untracked 
| 139|0x0000000088b00000, 0x0000000088b00000, 0x0000000088c00000|  0%| F|  |TAMS 0x0000000088b00000, 0x0000000088b00000| Untracked 
| 140|0x0000000088c00000, 0x0000000088c00000, 0x0000000088d00000|  0%| F|  |TAMS 0x0000000088c00000, 0x0000000088c00000| Untracked 
| 141|0x0000000088d00000, 0x0000000088d00000, 0x0000000088e00000|  0%| F|  |TAMS 0x0000000088d00000, 0x0000000088d00000| Untracked 
| 142|0x0000000088e00000, 0x0000000088e00000, 0x0000000088f00000|  0%| F|  |TAMS 0x0000000088e00000, 0x0000000088e00000| Untracked 
| 143|0x0000000088f00000, 0x0000000088f00000, 0x0000000089000000|  0%| F|  |TAMS 0x0000000088f00000, 0x0000000088f00000| Untracked 
| 144|0x0000000089000000, 0x0000000089000000, 0x0000000089100000|  0%| F|  |TAMS 0x0000000089000000, 0x0000000089000000| Untracked 
| 145|0x0000000089100000, 0x0000000089100000, 0x0000000089200000|  0%| F|  |TAMS 0x0000000089100000, 0x0000000089100000| Untracked 
| 146|0x0000000089200000, 0x0000000089200000, 0x0000000089300000|  0%| F|  |TAMS 0x0000000089200000, 0x0000000089200000| Untracked 
| 147|0x0000000089300000, 0x0000000089300000, 0x0000000089400000|  0%| F|  |TAMS 0x0000000089300000, 0x0000000089300000| Untracked 
| 148|0x0000000089400000, 0x0000000089400000, 0x0000000089500000|  0%| F|  |TAMS 0x0000000089400000, 0x0000000089400000| Untracked 
| 149|0x0000000089500000, 0x0000000089500000, 0x0000000089600000|  0%| F|  |TAMS 0x0000000089500000, 0x0000000089500000| Untracked 
| 150|0x0000000089600000, 0x0000000089600000, 0x0000000089700000|  0%| F|  |TAMS 0x0000000089600000, 0x0000000089600000| Untracked 
| 151|0x0000000089700000, 0x0000000089700000, 0x0000000089800000|  0%| F|  |TAMS 0x0000000089700000, 0x0000000089700000| Untracked 
| 152|0x0000000089800000, 0x0000000089800000, 0x0000000089900000|  0%| F|  |TAMS 0x0000000089800000, 0x0000000089800000| Untracked 
| 153|0x0000000089900000, 0x0000000089a00000, 0x0000000089a00000|100%| O|  |TAMS 0x0000000089a00000, 0x0000000089900000| Untracked 
| 154|0x0000000089a00000, 0x0000000089a00000, 0x0000000089b00000|  0%| F|  |TAMS 0x0000000089a00000, 0x0000000089a00000| Untracked 
| 155|0x0000000089b00000, 0x0000000089c00000, 0x0000000089c00000|100%| O|  |TAMS 0x0000000089c00000, 0x0000000089b00000| Untracked 
| 156|0x0000000089c00000, 0x0000000089c00000, 0x0000000089d00000|  0%| F|  |TAMS 0x0000000089c00000, 0x0000000089c00000| Untracked 
| 157|0x0000000089d00000, 0x0000000089e00000, 0x0000000089e00000|100%| O|  |TAMS 0x0000000089e00000, 0x0000000089d00000| Untracked 
| 158|0x0000000089e00000, 0x0000000089e00000, 0x0000000089f00000|  0%| F|  |TAMS 0x0000000089e00000, 0x0000000089e00000| Untracked 
| 159|0x0000000089f00000, 0x0000000089f00000, 0x000000008a000000|  0%| F|  |TAMS 0x0000000089f00000, 0x0000000089f00000| Untracked 
| 160|0x000000008a000000, 0x000000008a000000, 0x000000008a100000|  0%| F|  |TAMS 0x000000008a000000, 0x000000008a000000| Untracked 
| 161|0x000000008a100000, 0x000000008a200000, 0x000000008a200000|100%| O|  |TAMS 0x000000008a200000, 0x000000008a100000| Untracked 
| 162|0x000000008a200000, 0x000000008a300000, 0x000000008a300000|100%| O|  |TAMS 0x000000008a300000, 0x000000008a200000| Untracked 
| 163|0x000000008a300000, 0x000000008a400000, 0x000000008a400000|100%| O|  |TAMS 0x000000008a400000, 0x000000008a300000| Untracked 
| 164|0x000000008a400000, 0x000000008a400000, 0x000000008a500000|  0%| F|  |TAMS 0x000000008a400000, 0x000000008a400000| Untracked 
| 165|0x000000008a500000, 0x000000008a500000, 0x000000008a600000|  0%| F|  |TAMS 0x000000008a500000, 0x000000008a500000| Untracked 
| 166|0x000000008a600000, 0x000000008a600000, 0x000000008a700000|  0%| F|  |TAMS 0x000000008a600000, 0x000000008a600000| Untracked 
| 167|0x000000008a700000, 0x000000008a700000, 0x000000008a800000|  0%| F|  |TAMS 0x000000008a700000, 0x000000008a700000| Untracked 
| 168|0x000000008a800000, 0x000000008a800000, 0x000000008a900000|  0%| F|  |TAMS 0x000000008a800000, 0x000000008a800000| Untracked 
| 169|0x000000008a900000, 0x000000008a900000, 0x000000008aa00000|  0%| F|  |TAMS 0x000000008a900000, 0x000000008a900000| Untracked 
| 170|0x000000008aa00000, 0x000000008aa00000, 0x000000008ab00000|  0%| F|  |TAMS 0x000000008aa00000, 0x000000008aa00000| Untracked 
| 171|0x000000008ab00000, 0x000000008ab00000, 0x000000008ac00000|  0%| F|  |TAMS 0x000000008ab00000, 0x000000008ab00000| Untracked 
| 172|0x000000008ac00000, 0x000000008ac00000, 0x000000008ad00000|  0%| F|  |TAMS 0x000000008ac00000, 0x000000008ac00000| Untracked 
| 173|0x000000008ad00000, 0x000000008ad00000, 0x000000008ae00000|  0%| F|  |TAMS 0x000000008ad00000, 0x000000008ad00000| Untracked 
| 174|0x000000008ae00000, 0x000000008ae00000, 0x000000008af00000|  0%| F|  |TAMS 0x000000008ae00000, 0x000000008ae00000| Untracked 
| 175|0x000000008af00000, 0x000000008af00000, 0x000000008b000000|  0%| F|  |TAMS 0x000000008af00000, 0x000000008af00000| Untracked 
| 176|0x000000008b000000, 0x000000008b000000, 0x000000008b100000|  0%| F|  |TAMS 0x000000008b000000, 0x000000008b000000| Untracked 
| 177|0x000000008b100000, 0x000000008b100000, 0x000000008b200000|  0%| F|  |TAMS 0x000000008b100000, 0x000000008b100000| Untracked 
| 178|0x000000008b200000, 0x000000008b200000, 0x000000008b300000|  0%| F|  |TAMS 0x000000008b200000, 0x000000008b200000| Untracked 
| 179|0x000000008b300000, 0x000000008b300000, 0x000000008b400000|  0%| F|  |TAMS 0x000000008b300000, 0x000000008b300000| Untracked 
| 180|0x000000008b400000, 0x000000008b400000, 0x000000008b500000|  0%| F|  |TAMS 0x000000008b400000, 0x000000008b400000| Untracked 
| 181|0x000000008b500000, 0x000000008b500000, 0x000000008b600000|  0%| F|  |TAMS 0x000000008b500000, 0x000000008b500000| Untracked 
| 182|0x000000008b600000, 0x000000008b600000, 0x000000008b700000|  0%| F|  |TAMS 0x000000008b600000, 0x000000008b600000| Untracked 
| 183|0x000000008b700000, 0x000000008b700000, 0x000000008b800000|  0%| F|  |TAMS 0x000000008b700000, 0x000000008b700000| Untracked 
| 184|0x000000008b800000, 0x000000008b800000, 0x000000008b900000|  0%| F|  |TAMS 0x000000008b800000, 0x000000008b800000| Untracked 
| 185|0x000000008b900000, 0x000000008b900000, 0x000000008ba00000|  0%| F|  |TAMS 0x000000008b900000, 0x000000008b900000| Untracked 
| 186|0x000000008ba00000, 0x000000008ba00000, 0x000000008bb00000|  0%| F|  |TAMS 0x000000008ba00000, 0x000000008ba00000| Untracked 
| 187|0x000000008bb00000, 0x000000008bb00000, 0x000000008bc00000|  0%| F|  |TAMS 0x000000008bb00000, 0x000000008bb00000| Untracked 
| 188|0x000000008bc00000, 0x000000008bc00000, 0x000000008bd00000|  0%| F|  |TAMS 0x000000008bc00000, 0x000000008bc00000| Untracked 
| 189|0x000000008bd00000, 0x000000008bd00000, 0x000000008be00000|  0%| F|  |TAMS 0x000000008bd00000, 0x000000008bd00000| Untracked 
| 190|0x000000008be00000, 0x000000008be00000, 0x000000008bf00000|  0%| F|  |TAMS 0x000000008be00000, 0x000000008be00000| Untracked 
| 191|0x000000008bf00000, 0x000000008bf00000, 0x000000008c000000|  0%| F|  |TAMS 0x000000008bf00000, 0x000000008bf00000| Untracked 
| 192|0x000000008c000000, 0x000000008c000000, 0x000000008c100000|  0%| F|  |TAMS 0x000000008c000000, 0x000000008c000000| Untracked 
| 193|0x000000008c100000, 0x000000008c100000, 0x000000008c200000|  0%| F|  |TAMS 0x000000008c100000, 0x000000008c100000| Untracked 
| 194|0x000000008c200000, 0x000000008c200000, 0x000000008c300000|  0%| F|  |TAMS 0x000000008c200000, 0x000000008c200000| Untracked 
| 195|0x000000008c300000, 0x000000008c300000, 0x000000008c400000|  0%| F|  |TAMS 0x000000008c300000, 0x000000008c300000| Untracked 
| 196|0x000000008c400000, 0x000000008c400000, 0x000000008c500000|  0%| F|  |TAMS 0x000000008c400000, 0x000000008c400000| Untracked 
| 197|0x000000008c500000, 0x000000008c500000, 0x000000008c600000|  0%| F|  |TAMS 0x000000008c500000, 0x000000008c500000| Untracked 
| 198|0x000000008c600000, 0x000000008c600000, 0x000000008c700000|  0%| F|  |TAMS 0x000000008c600000, 0x000000008c600000| Untracked 
| 199|0x000000008c700000, 0x000000008c700000, 0x000000008c800000|  0%| F|  |TAMS 0x000000008c700000, 0x000000008c700000| Untracked 
| 200|0x000000008c800000, 0x000000008c800000, 0x000000008c900000|  0%| F|  |TAMS 0x000000008c800000, 0x000000008c800000| Untracked 
| 201|0x000000008c900000, 0x000000008c900000, 0x000000008ca00000|  0%| F|  |TAMS 0x000000008c900000, 0x000000008c900000| Untracked 
| 202|0x000000008ca00000, 0x000000008ca00000, 0x000000008cb00000|  0%| F|  |TAMS 0x000000008ca00000, 0x000000008ca00000| Untracked 
| 203|0x000000008cb00000, 0x000000008cb00000, 0x000000008cc00000|  0%| F|  |TAMS 0x000000008cb00000, 0x000000008cb00000| Untracked 
| 204|0x000000008cc00000, 0x000000008cc00000, 0x000000008cd00000|  0%| F|  |TAMS 0x000000008cc00000, 0x000000008cc00000| Untracked 
| 205|0x000000008cd00000, 0x000000008cd00000, 0x000000008ce00000|  0%| F|  |TAMS 0x000000008cd00000, 0x000000008cd00000| Untracked 
| 206|0x000000008ce00000, 0x000000008ce00000, 0x000000008cf00000|  0%| F|  |TAMS 0x000000008ce00000, 0x000000008ce00000| Untracked 
| 207|0x000000008cf00000, 0x000000008cf00000, 0x000000008d000000|  0%| F|  |TAMS 0x000000008cf00000, 0x000000008cf00000| Untracked 
| 208|0x000000008d000000, 0x000000008d000000, 0x000000008d100000|  0%| F|  |TAMS 0x000000008d000000, 0x000000008d000000| Untracked 
| 209|0x000000008d100000, 0x000000008d100000, 0x000000008d200000|  0%| F|  |TAMS 0x000000008d100000, 0x000000008d100000| Untracked 
| 210|0x000000008d200000, 0x000000008d200000, 0x000000008d300000|  0%| F|  |TAMS 0x000000008d200000, 0x000000008d200000| Untracked 
| 211|0x000000008d300000, 0x000000008d300000, 0x000000008d400000|  0%| F|  |TAMS 0x000000008d300000, 0x000000008d300000| Untracked 
| 212|0x000000008d400000, 0x000000008d400000, 0x000000008d500000|  0%| F|  |TAMS 0x000000008d400000, 0x000000008d400000| Untracked 
| 213|0x000000008d500000, 0x000000008d52d768, 0x000000008d600000| 17%| E|  |TAMS 0x000000008d500000, 0x000000008d500000| Complete 
| 214|0x000000008d600000, 0x000000008d700000, 0x000000008d700000|100%| E|CS|TAMS 0x000000008d600000, 0x000000008d600000| Complete 
| 215|0x000000008d700000, 0x000000008d800000, 0x000000008d800000|100%| E|CS|TAMS 0x000000008d700000, 0x000000008d700000| Complete 
| 216|0x000000008d800000, 0x000000008d900000, 0x000000008d900000|100%| E|CS|TAMS 0x000000008d800000, 0x000000008d800000| Complete 
| 217|0x000000008d900000, 0x000000008d93a420, 0x000000008da00000| 22%| S|CS|TAMS 0x000000008d900000, 0x000000008d900000| Complete 
| 218|0x000000008da00000, 0x000000008db00000, 0x000000008db00000|100%| S|CS|TAMS 0x000000008da00000, 0x000000008da00000| Complete 
| 219|0x000000008db00000, 0x000000008dc00000, 0x000000008dc00000|100%| S|CS|TAMS 0x000000008db00000, 0x000000008db00000| Complete 
| 220|0x000000008dc00000, 0x000000008dd00000, 0x000000008dd00000|100%| S|CS|TAMS 0x000000008dc00000, 0x000000008dc00000| Complete 
| 221|0x000000008dd00000, 0x000000008de00000, 0x000000008de00000|100%| S|CS|TAMS 0x000000008dd00000, 0x000000008dd00000| Complete 
| 222|0x000000008de00000, 0x000000008df00000, 0x000000008df00000|100%| E|CS|TAMS 0x000000008de00000, 0x000000008de00000| Complete 
| 223|0x000000008df00000, 0x000000008e000000, 0x000000008e000000|100%| E|  |TAMS 0x000000008df00000, 0x000000008df00000| Complete 
| 224|0x000000008e000000, 0x000000008e100000, 0x000000008e100000|100%| E|CS|TAMS 0x000000008e000000, 0x000000008e000000| Complete 
| 225|0x000000008e100000, 0x000000008e200000, 0x000000008e200000|100%| E|CS|TAMS 0x000000008e100000, 0x000000008e100000| Complete 
| 226|0x000000008e200000, 0x000000008e300000, 0x000000008e300000|100%| E|CS|TAMS 0x000000008e200000, 0x000000008e200000| Complete 
| 227|0x000000008e300000, 0x000000008e400000, 0x000000008e400000|100%| E|CS|TAMS 0x000000008e300000, 0x000000008e300000| Complete 
| 228|0x000000008e400000, 0x000000008e500000, 0x000000008e500000|100%| E|CS|TAMS 0x000000008e400000, 0x000000008e400000| Complete 
| 229|0x000000008e500000, 0x000000008e600000, 0x000000008e600000|100%| E|CS|TAMS 0x000000008e500000, 0x000000008e500000| Complete 
| 230|0x000000008e600000, 0x000000008e700000, 0x000000008e700000|100%| E|CS|TAMS 0x000000008e600000, 0x000000008e600000| Complete 
| 231|0x000000008e700000, 0x000000008e800000, 0x000000008e800000|100%| E|CS|TAMS 0x000000008e700000, 0x000000008e700000| Complete 
| 232|0x000000008e800000, 0x000000008e900000, 0x000000008e900000|100%| E|CS|TAMS 0x000000008e800000, 0x000000008e800000| Complete 
| 233|0x000000008e900000, 0x000000008ea00000, 0x000000008ea00000|100%| E|CS|TAMS 0x000000008e900000, 0x000000008e900000| Complete 
| 234|0x000000008ea00000, 0x000000008eb00000, 0x000000008eb00000|100%| E|CS|TAMS 0x000000008ea00000, 0x000000008ea00000| Complete 
| 235|0x000000008eb00000, 0x000000008ec00000, 0x000000008ec00000|100%| E|CS|TAMS 0x000000008eb00000, 0x000000008eb00000| Complete 
| 236|0x000000008ec00000, 0x000000008ed00000, 0x000000008ed00000|100%| E|CS|TAMS 0x000000008ec00000, 0x000000008ec00000| Complete 
| 237|0x000000008ed00000, 0x000000008ee00000, 0x000000008ee00000|100%| E|CS|TAMS 0x000000008ed00000, 0x000000008ed00000| Complete 
| 238|0x000000008ee00000, 0x000000008ef00000, 0x000000008ef00000|100%| E|CS|TAMS 0x000000008ee00000, 0x000000008ee00000| Complete 
| 239|0x000000008ef00000, 0x000000008f000000, 0x000000008f000000|100%| E|CS|TAMS 0x000000008ef00000, 0x000000008ef00000| Complete 
| 240|0x000000008f000000, 0x000000008f100000, 0x000000008f100000|100%| E|CS|TAMS 0x000000008f000000, 0x000000008f000000| Complete 
| 241|0x000000008f100000, 0x000000008f200000, 0x000000008f200000|100%| E|CS|TAMS 0x000000008f100000, 0x000000008f100000| Complete 
| 242|0x000000008f200000, 0x000000008f300000, 0x000000008f300000|100%| E|CS|TAMS 0x000000008f200000, 0x000000008f200000| Complete 
| 243|0x000000008f300000, 0x000000008f400000, 0x000000008f400000|100%| E|CS|TAMS 0x000000008f300000, 0x000000008f300000| Complete 
| 244|0x000000008f400000, 0x000000008f500000, 0x000000008f500000|100%| E|CS|TAMS 0x000000008f400000, 0x000000008f400000| Complete 
| 245|0x000000008f500000, 0x000000008f600000, 0x000000008f600000|100%| E|CS|TAMS 0x000000008f500000, 0x000000008f500000| Complete 
| 246|0x000000008f600000, 0x000000008f700000, 0x000000008f700000|100%| E|CS|TAMS 0x000000008f600000, 0x000000008f600000| Complete 
| 247|0x000000008f700000, 0x000000008f800000, 0x000000008f800000|100%| E|CS|TAMS 0x000000008f700000, 0x000000008f700000| Complete 
| 248|0x000000008f800000, 0x000000008f900000, 0x000000008f900000|100%| E|CS|TAMS 0x000000008f800000, 0x000000008f800000| Complete 
| 249|0x000000008f900000, 0x000000008fa00000, 0x000000008fa00000|100%| E|CS|TAMS 0x000000008f900000, 0x000000008f900000| Complete 
| 250|0x000000008fa00000, 0x000000008fb00000, 0x000000008fb00000|100%| E|CS|TAMS 0x000000008fa00000, 0x000000008fa00000| Complete 
| 251|0x000000008fb00000, 0x000000008fc00000, 0x000000008fc00000|100%| E|CS|TAMS 0x000000008fb00000, 0x000000008fb00000| Complete 
| 252|0x000000008fc00000, 0x000000008fd00000, 0x000000008fd00000|100%| E|CS|TAMS 0x000000008fc00000, 0x000000008fc00000| Complete 
| 253|0x000000008fd00000, 0x000000008fe00000, 0x000000008fe00000|100%| E|CS|TAMS 0x000000008fd00000, 0x000000008fd00000| Complete 
| 254|0x000000008fe00000, 0x000000008ff00000, 0x000000008ff00000|100%| E|CS|TAMS 0x000000008fe00000, 0x000000008fe00000| Complete 
| 255|0x000000008ff00000, 0x0000000090000000, 0x0000000090000000|100%| E|CS|TAMS 0x000000008ff00000, 0x000000008ff00000| Complete 
| 256|0x0000000090000000, 0x0000000090100000, 0x0000000090100000|100%| E|CS|TAMS 0x0000000090000000, 0x0000000090000000| Complete 
| 257|0x0000000090100000, 0x0000000090200000, 0x0000000090200000|100%| E|CS|TAMS 0x0000000090100000, 0x0000000090100000| Complete 
| 258|0x0000000090200000, 0x0000000090300000, 0x0000000090300000|100%| E|CS|TAMS 0x0000000090200000, 0x0000000090200000| Complete 
| 259|0x0000000090300000, 0x0000000090400000, 0x0000000090400000|100%| E|CS|TAMS 0x0000000090300000, 0x0000000090300000| Complete 
| 260|0x0000000090400000, 0x0000000090500000, 0x0000000090500000|100%| E|CS|TAMS 0x0000000090400000, 0x0000000090400000| Complete 
| 261|0x0000000090500000, 0x0000000090600000, 0x0000000090600000|100%| E|CS|TAMS 0x0000000090500000, 0x0000000090500000| Complete 
| 262|0x0000000090600000, 0x0000000090700000, 0x0000000090700000|100%| E|CS|TAMS 0x0000000090600000, 0x0000000090600000| Complete 
| 263|0x0000000090700000, 0x0000000090800000, 0x0000000090800000|100%| E|CS|TAMS 0x0000000090700000, 0x0000000090700000| Complete 
| 264|0x0000000090800000, 0x0000000090900000, 0x0000000090900000|100%| E|CS|TAMS 0x0000000090800000, 0x0000000090800000| Complete 
| 265|0x0000000090900000, 0x0000000090a00000, 0x0000000090a00000|100%| E|CS|TAMS 0x0000000090900000, 0x0000000090900000| Complete 
| 266|0x0000000090a00000, 0x0000000090b00000, 0x0000000090b00000|100%| E|CS|TAMS 0x0000000090a00000, 0x0000000090a00000| Complete 
| 267|0x0000000090b00000, 0x0000000090c00000, 0x0000000090c00000|100%| E|CS|TAMS 0x0000000090b00000, 0x0000000090b00000| Complete 
| 268|0x0000000090c00000, 0x0000000090d00000, 0x0000000090d00000|100%| E|CS|TAMS 0x0000000090c00000, 0x0000000090c00000| Complete 
| 269|0x0000000090d00000, 0x0000000090e00000, 0x0000000090e00000|100%| E|CS|TAMS 0x0000000090d00000, 0x0000000090d00000| Complete 
| 270|0x0000000090e00000, 0x0000000090f00000, 0x0000000090f00000|100%| E|CS|TAMS 0x0000000090e00000, 0x0000000090e00000| Complete 
| 271|0x0000000090f00000, 0x0000000091000000, 0x0000000091000000|100%| E|CS|TAMS 0x0000000090f00000, 0x0000000090f00000| Complete 
| 272|0x0000000091000000, 0x0000000091100000, 0x0000000091100000|100%| E|CS|TAMS 0x0000000091000000, 0x0000000091000000| Complete 
| 273|0x0000000091100000, 0x0000000091200000, 0x0000000091200000|100%| E|CS|TAMS 0x0000000091100000, 0x0000000091100000| Complete 
| 274|0x0000000091200000, 0x0000000091300000, 0x0000000091300000|100%| E|CS|TAMS 0x0000000091200000, 0x0000000091200000| Complete 
| 275|0x0000000091300000, 0x0000000091400000, 0x0000000091400000|100%| E|CS|TAMS 0x0000000091300000, 0x0000000091300000| Complete 
| 276|0x0000000091400000, 0x0000000091500000, 0x0000000091500000|100%| E|CS|TAMS 0x0000000091400000, 0x0000000091400000| Complete 
| 277|0x0000000091500000, 0x0000000091600000, 0x0000000091600000|100%| E|CS|TAMS 0x0000000091500000, 0x0000000091500000| Complete 
| 278|0x0000000091600000, 0x0000000091700000, 0x0000000091700000|100%| E|CS|TAMS 0x0000000091600000, 0x0000000091600000| Complete 
| 279|0x0000000091700000, 0x0000000091800000, 0x0000000091800000|100%| E|CS|TAMS 0x0000000091700000, 0x0000000091700000| Complete 
| 280|0x0000000091800000, 0x0000000091900000, 0x0000000091900000|100%| E|CS|TAMS 0x0000000091800000, 0x0000000091800000| Complete 
| 281|0x0000000091900000, 0x0000000091a00000, 0x0000000091a00000|100%| E|CS|TAMS 0x0000000091900000, 0x0000000091900000| Complete 
| 282|0x0000000091a00000, 0x0000000091b00000, 0x0000000091b00000|100%| E|CS|TAMS 0x0000000091a00000, 0x0000000091a00000| Complete 
| 283|0x0000000091b00000, 0x0000000091c00000, 0x0000000091c00000|100%| E|CS|TAMS 0x0000000091b00000, 0x0000000091b00000| Complete 
| 284|0x0000000091c00000, 0x0000000091d00000, 0x0000000091d00000|100%| E|CS|TAMS 0x0000000091c00000, 0x0000000091c00000| Complete 
| 285|0x0000000091d00000, 0x0000000091e00000, 0x0000000091e00000|100%| E|CS|TAMS 0x0000000091d00000, 0x0000000091d00000| Complete 
| 286|0x0000000091e00000, 0x0000000091f00000, 0x0000000091f00000|100%| E|CS|TAMS 0x0000000091e00000, 0x0000000091e00000| Complete 
| 287|0x0000000091f00000, 0x0000000092000000, 0x0000000092000000|100%| E|CS|TAMS 0x0000000091f00000, 0x0000000091f00000| Complete 
| 288|0x0000000092000000, 0x0000000092100000, 0x0000000092100000|100%| E|CS|TAMS 0x0000000092000000, 0x0000000092000000| Complete 
| 289|0x0000000092100000, 0x0000000092200000, 0x0000000092200000|100%| E|CS|TAMS 0x0000000092100000, 0x0000000092100000| Complete 
| 290|0x0000000092200000, 0x0000000092300000, 0x0000000092300000|100%| E|CS|TAMS 0x0000000092200000, 0x0000000092200000| Complete 
| 291|0x0000000092300000, 0x0000000092400000, 0x0000000092400000|100%| E|CS|TAMS 0x0000000092300000, 0x0000000092300000| Complete 
| 292|0x0000000092400000, 0x0000000092500000, 0x0000000092500000|100%| E|CS|TAMS 0x0000000092400000, 0x0000000092400000| Complete 
| 293|0x0000000092500000, 0x0000000092600000, 0x0000000092600000|100%| E|CS|TAMS 0x0000000092500000, 0x0000000092500000| Complete 
| 294|0x0000000092600000, 0x0000000092700000, 0x0000000092700000|100%| E|CS|TAMS 0x0000000092600000, 0x0000000092600000| Complete 
| 295|0x0000000092700000, 0x0000000092800000, 0x0000000092800000|100%| E|CS|TAMS 0x0000000092700000, 0x0000000092700000| Complete 
| 296|0x0000000092800000, 0x0000000092900000, 0x0000000092900000|100%| E|CS|TAMS 0x0000000092800000, 0x0000000092800000| Complete 
| 297|0x0000000092900000, 0x0000000092a00000, 0x0000000092a00000|100%| E|CS|TAMS 0x0000000092900000, 0x0000000092900000| Complete 
| 298|0x0000000092a00000, 0x0000000092b00000, 0x0000000092b00000|100%| E|CS|TAMS 0x0000000092a00000, 0x0000000092a00000| Complete 
| 299|0x0000000092b00000, 0x0000000092c00000, 0x0000000092c00000|100%| E|CS|TAMS 0x0000000092b00000, 0x0000000092b00000| Complete 
| 300|0x0000000092c00000, 0x0000000092d00000, 0x0000000092d00000|100%| E|CS|TAMS 0x0000000092c00000, 0x0000000092c00000| Complete 
| 301|0x0000000092d00000, 0x0000000092e00000, 0x0000000092e00000|100%| E|CS|TAMS 0x0000000092d00000, 0x0000000092d00000| Complete 
| 302|0x0000000092e00000, 0x0000000092f00000, 0x0000000092f00000|100%| E|CS|TAMS 0x0000000092e00000, 0x0000000092e00000| Complete 
| 303|0x0000000092f00000, 0x0000000093000000, 0x0000000093000000|100%| E|CS|TAMS 0x0000000092f00000, 0x0000000092f00000| Complete 
| 304|0x0000000093000000, 0x0000000093100000, 0x0000000093100000|100%| E|CS|TAMS 0x0000000093000000, 0x0000000093000000| Complete 
| 305|0x0000000093100000, 0x0000000093200000, 0x0000000093200000|100%| E|CS|TAMS 0x0000000093100000, 0x0000000093100000| Complete 
| 306|0x0000000093200000, 0x0000000093300000, 0x0000000093300000|100%| E|CS|TAMS 0x0000000093200000, 0x0000000093200000| Complete 
| 307|0x0000000093300000, 0x0000000093400000, 0x0000000093400000|100%| E|CS|TAMS 0x0000000093300000, 0x0000000093300000| Complete 
| 308|0x0000000093400000, 0x0000000093500000, 0x0000000093500000|100%| E|CS|TAMS 0x0000000093400000, 0x0000000093400000| Complete 
| 309|0x0000000093500000, 0x0000000093600000, 0x0000000093600000|100%| E|CS|TAMS 0x0000000093500000, 0x0000000093500000| Complete 
| 310|0x0000000093600000, 0x0000000093700000, 0x0000000093700000|100%| E|CS|TAMS 0x0000000093600000, 0x0000000093600000| Complete 
| 311|0x0000000093700000, 0x0000000093800000, 0x0000000093800000|100%| E|CS|TAMS 0x0000000093700000, 0x0000000093700000| Complete 
| 312|0x0000000093800000, 0x0000000093900000, 0x0000000093900000|100%| E|CS|TAMS 0x0000000093800000, 0x0000000093800000| Complete 
| 313|0x0000000093900000, 0x0000000093a00000, 0x0000000093a00000|100%| E|CS|TAMS 0x0000000093900000, 0x0000000093900000| Complete 
| 314|0x0000000093a00000, 0x0000000093b00000, 0x0000000093b00000|100%| E|CS|TAMS 0x0000000093a00000, 0x0000000093a00000| Complete 
| 315|0x0000000093b00000, 0x0000000093c00000, 0x0000000093c00000|100%| E|CS|TAMS 0x0000000093b00000, 0x0000000093b00000| Complete 
| 316|0x0000000093c00000, 0x0000000093d00000, 0x0000000093d00000|100%| E|CS|TAMS 0x0000000093c00000, 0x0000000093c00000| Complete 
| 317|0x0000000093d00000, 0x0000000093e00000, 0x0000000093e00000|100%| E|CS|TAMS 0x0000000093d00000, 0x0000000093d00000| Complete 

Card table byte_map: [0x00000231b4f80000,0x00000231b5380000] _byte_map_base: 0x00000231b4b80000

Marking Bits (Prev, Next): (CMBitMap*) 0x00000231a20cdab8, (CMBitMap*) 0x00000231a20cdaf0
 Prev Bits: [0x00000231b5780000, 0x00000231b7780000)
 Next Bits: [0x00000231b7780000, 0x00000231b9780000)

Polling page: 0x00000231a0000000

Metaspace:

Usage:
  Non-class:    118.49 MB capacity,   116.20 MB ( 98%) used,     1.85 MB (  2%) free+waste,   453.63 KB ( <1%) overhead. 
      Class:     18.15 MB capacity,    16.76 MB ( 92%) used,     1.19 MB (  7%) free+waste,   203.81 KB (  1%) overhead. 
       Both:    136.64 MB capacity,   132.96 MB ( 97%) used,     3.04 MB (  2%) free+waste,   657.44 KB ( <1%) overhead. 

Virtual space:
  Non-class space:      120.00 MB reserved,     118.50 MB ( 99%) committed 
      Class space:        1.00 GB reserved,      18.27 MB (  2%) committed 
             Both:        1.12 GB reserved,     136.77 MB ( 12%) committed 

Chunk freelists:
   Non-Class:  6.00 KB
       Class:  7.00 KB
        Both:  13.00 KB

MaxMetaspaceSize: 17179869184.00 GB
CompressedClassSpaceSize: 1.00 GB

CodeHeap 'non-profiled nmethods': size=120064Kb used=15252Kb max_used=15705Kb free=104811Kb
 bounds [0x00000231ad640000, 0x00000231ae5b0000, 0x00000231b4b80000]
CodeHeap 'profiled nmethods': size=120000Kb used=41756Kb max_used=43446Kb free=78243Kb
 bounds [0x00000231a6110000, 0x00000231a8bc0000, 0x00000231ad640000]
CodeHeap 'non-nmethods': size=5696Kb used=2372Kb max_used=2433Kb free=3323Kb
 bounds [0x00000231a5b80000, 0x00000231a5e00000, 0x00000231a6110000]
 total_blobs=20318 nmethods=19317 adapters=911
 compilation: enabled
              stopped_count=0, restarted_count=0
 full_count=0

Compilation events (20 events):
Event: 1143.200 Thread 0x00000231bc5ca800 22410       1       org.gradle.internal.work.DefaultConditionalExecutionQueue::access$700 (5 bytes)
Event: 1143.200 Thread 0x00000231bc5ca800 nmethod 22410 0x00000231ad8d8d10 code [0x00000231ad8d8ec0, 0x00000231ad8d8f58]
Event: 1143.201 Thread 0x00000231c9cd5800 22411       4       java.io.ObjectInputStream$HandleTable::lookupException (29 bytes)
Event: 1143.202 Thread 0x00000231bc5ca800 22413       3       org.gradle.internal.work.DefaultWorkerLeaseService$DefaultWorkerLease::releaseLock (90 bytes)
Event: 1143.202 Thread 0x00000231c9cd5800 nmethod 22411 0x00000231ad8efb10 code [0x00000231ad8efca0, 0x00000231ad8efd78]
Event: 1143.202 Thread 0x00000231c9cd5800 22412       4       org.gradle.api.internal.provider.Providers$FixedValueProvider::getType (14 bytes)
Event: 1143.203 Thread 0x00000231bc5ca800 nmethod 22413 0x00000231a7f82610 code [0x00000231a7f82940, 0x00000231a7f83d98]
Event: 1143.203 Thread 0x00000231c9cd5800 nmethod 22412 0x00000231ad8ef890 code [0x00000231ad8efa20, 0x00000231ad8efa98]
Event: 1143.220 Thread 0x00000231c9cd5800 22414       4       java.io.ObjectInputStream$BlockDataInputStream::readUTFBody (192 bytes)
Event: 1143.220 Thread 0x00000231bc5ca800 22415       3       org.gradle.internal.work.DefaultWorkerLeaseService$DefaultWorkerLease::releaseLease (28 bytes)
Event: 1143.220 Thread 0x00000231bc5ca800 nmethod 22415 0x00000231a7004590 code [0x00000231a7004740, 0x00000231a7004918]
Event: 1143.228 Thread 0x00000231c9cd5800 nmethod 22414 0x00000231ad8eeb10 code [0x00000231ad8eed00, 0x00000231ad8ef378]
Event: 1143.253 Thread 0x00000231bc5ca800 22416       1       org.gradle.api.internal.provider.Providers$NoValueProvider::isImmutable (2 bytes)
Event: 1143.254 Thread 0x00000231bc5ca800 nmethod 22416 0x00000231ad8ee810 code [0x00000231ad8ee9c0, 0x00000231ad8eea78]
Event: 1143.255 Thread 0x00000231c9cd5800 22417       4       java.io.ObjectInputStream$BlockDataInputStream::readUnsignedShort (76 bytes)
Event: 1143.258 Thread 0x00000231bc5ca800 22418       3       org.gradle.api.internal.tasks.properties.DefaultCacheableOutputFilePropertySpec::getOutputFile (10 bytes)
Event: 1143.258 Thread 0x00000231bc5ca800 nmethod 22418 0x00000231a7978590 code [0x00000231a7978740, 0x00000231a7978988]
Event: 1143.258 Thread 0x00000231c9cd5800 nmethod 22417 0x00000231ad8edf90 code [0x00000231ad8ee140, 0x00000231ad8ee438]
Event: 1143.265 Thread 0x00000231bc5ca800 22419       3       org.gradle.api.internal.provider.AbstractProperty::implicitFinalizeValue (15 bytes)
Event: 1143.265 Thread 0x00000231bc5ca800 nmethod 22419 0x00000231a7d98010 code [0x00000231a7d981e0, 0x00000231a7d98478]

GC Heap History (20 events):
Event: 1130.185 GC heap before
{Heap before GC invocations=27 (full 0):
 garbage-first heap   total 325632K, used 235648K [0x0000000080000000, 0x0000000100000000)
  region size 1024K, 59 young (60416K), 4 survivors (4096K)
 Metaspace       used 122658K, capacity 126155K, committed 126360K, reserved 1159168K
  class space    used 15607K, capacity 16903K, committed 17048K, reserved 1048576K
}
Event: 1130.200 GC heap after
{Heap after GC invocations=28 (full 0):
 garbage-first heap   total 325632K, used 186624K [0x0000000080000000, 0x0000000100000000)
  region size 1024K, 8 young (8192K), 8 survivors (8192K)
 Metaspace       used 122658K, capacity 126155K, committed 126360K, reserved 1159168K
  class space    used 15607K, capacity 16903K, committed 17048K, reserved 1048576K
}
Event: 1130.236 GC heap before
{Heap before GC invocations=28 (full 0):
 garbage-first heap   total 325632K, used 192768K [0x0000000080000000, 0x0000000100000000)
  region size 1024K, 15 young (15360K), 8 survivors (8192K)
 Metaspace       used 122660K, capacity 126156K, committed 126360K, reserved 1159168K
  class space    used 15607K, capacity 16903K, committed 17048K, reserved 1048576K
}
Event: 1130.253 GC heap after
{Heap after GC invocations=29 (full 0):
 garbage-first heap   total 325632K, used 181047K [0x0000000080000000, 0x0000000100000000)
  region size 1024K, 2 young (2048K), 2 survivors (2048K)
 Metaspace       used 122660K, capacity 126156K, committed 126360K, reserved 1159168K
  class space    used 15607K, capacity 16903K, committed 17048K, reserved 1048576K
}
Event: 1130.284 GC heap before
{Heap before GC invocations=29 (full 0):
 garbage-first heap   total 325632K, used 197431K [0x0000000080000000, 0x0000000100000000)
  region size 1024K, 19 young (19456K), 2 survivors (2048K)
 Metaspace       used 122660K, capacity 126156K, committed 126360K, reserved 1159168K
  class space    used 15607K, capacity 16903K, committed 17048K, reserved 1048576K
}
Event: 1130.291 GC heap after
{Heap after GC invocations=30 (full 0):
 garbage-first heap   total 325632K, used 183888K [0x0000000080000000, 0x0000000100000000)
  region size 1024K, 5 young (5120K), 5 survivors (5120K)
 Metaspace       used 122660K, capacity 126156K, committed 126360K, reserved 1159168K
  class space    used 15607K, capacity 16903K, committed 17048K, reserved 1048576K
}
Event: 1132.383 GC heap before
{Heap before GC invocations=31 (full 0):
 garbage-first heap   total 325632K, used 245328K [0x0000000080000000, 0x0000000100000000)
  region size 1024K, 59 young (60416K), 5 survivors (5120K)
 Metaspace       used 123479K, capacity 127033K, committed 127128K, reserved 1159168K
  class space    used 15675K, capacity 16987K, committed 17048K, reserved 1048576K
}
Event: 1132.394 GC heap after
{Heap after GC invocations=32 (full 0):
 garbage-first heap   total 325632K, used 188203K [0x0000000080000000, 0x0000000100000000)
  region size 1024K, 7 young (7168K), 7 survivors (7168K)
 Metaspace       used 123479K, capacity 127033K, committed 127128K, reserved 1159168K
  class space    used 15675K, capacity 16987K, committed 17048K, reserved 1048576K
}
Event: 1132.525 GC heap before
{Heap before GC invocations=32 (full 0):
 garbage-first heap   total 325632K, used 196395K [0x0000000080000000, 0x0000000100000000)
  region size 1024K, 15 young (15360K), 7 survivors (7168K)
 Metaspace       used 123538K, capacity 127097K, committed 127384K, reserved 1159168K
  class space    used 15684K, capacity 16987K, committed 17048K, reserved 1048576K
}
Event: 1132.536 GC heap after
{Heap after GC invocations=33 (full 0):
 garbage-first heap   total 325632K, used 187967K [0x0000000080000000, 0x0000000100000000)
  region size 1024K, 2 young (2048K), 2 survivors (2048K)
 Metaspace       used 123538K, capacity 127097K, committed 127384K, reserved 1159168K
  class space    used 15684K, capacity 16987K, committed 17048K, reserved 1048576K
}
Event: 1133.922 GC heap before
{Heap before GC invocations=33 (full 0):
 garbage-first heap   total 325632K, used 228927K [0x0000000080000000, 0x0000000100000000)
  region size 1024K, 44 young (45056K), 2 survivors (2048K)
 Metaspace       used 124025K, capacity 127532K, committed 127640K, reserved 1159168K
  class space    used 15728K, capacity 17025K, committed 17048K, reserved 1048576K
}
Event: 1133.934 GC heap after
{Heap after GC invocations=34 (full 0):
 garbage-first heap   total 325632K, used 188554K [0x0000000080000000, 0x0000000100000000)
  region size 1024K, 3 young (3072K), 3 survivors (3072K)
 Metaspace       used 124025K, capacity 127532K, committed 127640K, reserved 1159168K
  class space    used 15728K, capacity 17025K, committed 17048K, reserved 1048576K
}
Event: 1135.303 GC heap before
{Heap before GC invocations=35 (full 0):
 garbage-first heap   total 325632K, used 206986K [0x0000000080000000, 0x0000000100000000)
  region size 1024K, 59 young (60416K), 3 survivors (3072K)
 Metaspace       used 124083K, capacity 127628K, committed 127768K, reserved 1159168K
  class space    used 15733K, capacity 17057K, committed 17176K, reserved 1048576K
}
Event: 1135.307 GC heap after
{Heap after GC invocations=36 (full 0):
 garbage-first heap   total 325632K, used 150006K [0x0000000080000000, 0x0000000100000000)
  region size 1024K, 3 young (3072K), 3 survivors (3072K)
 Metaspace       used 124083K, capacity 127628K, committed 127768K, reserved 1159168K
  class space    used 15733K, capacity 17057K, committed 17176K, reserved 1048576K
}
Event: 1135.440 GC heap before
{Heap before GC invocations=36 (full 0):
 garbage-first heap   total 325632K, used 162294K [0x0000000080000000, 0x0000000100000000)
  region size 1024K, 15 young (15360K), 3 survivors (3072K)
 Metaspace       used 124083K, capacity 127628K, committed 127768K, reserved 1159168K
  class space    used 15733K, capacity 17057K, committed 17176K, reserved 1048576K
}
Event: 1135.450 GC heap after
{Heap after GC invocations=37 (full 0):
 garbage-first heap   total 325632K, used 127153K [0x0000000080000000, 0x0000000100000000)
  region size 1024K, 2 young (2048K), 2 survivors (2048K)
 Metaspace       used 124083K, capacity 127628K, committed 127768K, reserved 1159168K
  class space    used 15733K, capacity 17057K, committed 17176K, reserved 1048576K
}
Event: 1136.583 GC heap before
{Heap before GC invocations=37 (full 0):
 garbage-first heap   total 325632K, used 215217K [0x0000000080000000, 0x0000000100000000)
  region size 1024K, 88 young (90112K), 2 survivors (2048K)
 Metaspace       used 124087K, capacity 127628K, committed 127768K, reserved 1159168K
  class space    used 15733K, capacity 17057K, committed 17176K, reserved 1048576K
}
Event: 1136.586 GC heap after
{Heap after GC invocations=38 (full 0):
 garbage-first heap   total 325632K, used 127418K [0x0000000080000000, 0x0000000100000000)
  region size 1024K, 2 young (2048K), 2 survivors (2048K)
 Metaspace       used 124087K, capacity 127628K, committed 127768K, reserved 1159168K
  class space    used 15733K, capacity 17057K, committed 17176K, reserved 1048576K
}
Event: 1140.122 GC heap before
{Heap before GC invocations=38 (full 0):
 garbage-first heap   total 325632K, used 224698K [0x0000000080000000, 0x0000000100000000)
  region size 1024K, 96 young (98304K), 2 survivors (2048K)
 Metaspace       used 132097K, capacity 135775K, committed 135960K, reserved 1167360K
  class space    used 16722K, capacity 18063K, committed 18200K, reserved 1048576K
}
Event: 1140.128 GC heap after
{Heap after GC invocations=39 (full 0):
 garbage-first heap   total 325632K, used 130216K [0x0000000080000000, 0x0000000100000000)
  region size 1024K, 5 young (5120K), 5 survivors (5120K)
 Metaspace       used 132097K, capacity 135775K, committed 135960K, reserved 1167360K
  class space    used 16722K, capacity 18063K, committed 18200K, reserved 1048576K
}

Deoptimization events (20 events):
Event: 1143.180 Thread 0x00000231c10c6800 Uncommon trap: trap_request=0xffffffde fr.pc=0x00000231ad8db144 relative=0x0000000000000084
Event: 1143.180 Thread 0x00000231c10c6800 Uncommon trap: reason=class_check action=maybe_recompile pc=0x00000231ad8db144 method=com.android.tools.r8.internal.Su$$Lambda$1691/0x0000000100c58840.compare(Ljava/lang/Object;Ljava/lang/Object;)I @ 5 c2
Event: 1143.180 Thread 0x00000231c10c6800 DEOPT PACKING pc=0x00000231ad8db144 sp=0x00000056534fcee0
Event: 1143.180 Thread 0x00000231c10c6800 DEOPT UNPACKING pc=0x00000231a5ba78af sp=0x00000056534fce60 mode 2
Event: 1143.180 Thread 0x00000231c10c6800 Uncommon trap: trap_request=0xffffffc6 fr.pc=0x00000231ad8f2264 relative=0x00000000000005c4
Event: 1143.180 Thread 0x00000231c10c6800 Uncommon trap: reason=bimorphic_or_optimized_type_check action=maybe_recompile pc=0x00000231ad8f2264 method=com.android.tools.r8.internal.j8.a(Lcom/android/tools/r8/graph/c0;Lcom/android/tools/r8/graph/c0;)I @ 5 c2
Event: 1143.180 Thread 0x00000231c10c6800 DEOPT PACKING pc=0x00000231ad8f2264 sp=0x00000056534fcd00
Event: 1143.180 Thread 0x00000231c10c6800 DEOPT UNPACKING pc=0x00000231a5ba78af sp=0x00000056534fcca0 mode 2
Event: 1143.180 Thread 0x00000231c10c6800 Uncommon trap: trap_request=0xffffffde fr.pc=0x00000231ad8db144 relative=0x0000000000000084
Event: 1143.180 Thread 0x00000231c10c6800 Uncommon trap: reason=class_check action=maybe_recompile pc=0x00000231ad8db144 method=com.android.tools.r8.internal.Su$$Lambda$1691/0x0000000100c58840.compare(Ljava/lang/Object;Ljava/lang/Object;)I @ 5 c2
Event: 1143.180 Thread 0x00000231c10c6800 DEOPT PACKING pc=0x00000231ad8db144 sp=0x00000056534fcee0
Event: 1143.180 Thread 0x00000231c10c6800 DEOPT UNPACKING pc=0x00000231a5ba78af sp=0x00000056534fce60 mode 2
Event: 1143.180 Thread 0x00000231c10c6800 Uncommon trap: trap_request=0xffffffc6 fr.pc=0x00000231ad8f2264 relative=0x00000000000005c4
Event: 1143.180 Thread 0x00000231c10c6800 Uncommon trap: reason=bimorphic_or_optimized_type_check action=maybe_recompile pc=0x00000231ad8f2264 method=com.android.tools.r8.internal.j8.a(Lcom/android/tools/r8/graph/c0;Lcom/android/tools/r8/graph/c0;)I @ 5 c2
Event: 1143.180 Thread 0x00000231c10c6800 DEOPT PACKING pc=0x00000231ad8f2264 sp=0x00000056534fcd00
Event: 1143.180 Thread 0x00000231c10c6800 DEOPT UNPACKING pc=0x00000231a5ba78af sp=0x00000056534fcca0 mode 2
Event: 1143.180 Thread 0x00000231c10c6800 Uncommon trap: trap_request=0xffffff6e fr.pc=0x00000231ae307e3c relative=0x000000000000007c
Event: 1143.180 Thread 0x00000231c10c6800 Uncommon trap: reason=speculate_class_check action=maybe_recompile pc=0x00000231ae307e3c method=com.android.tools.r8.graph.v0.d(Lcom/android/tools/r8/graph/Q;)Lcom/android/tools/r8/graph/v0$d; @ 7 c2
Event: 1143.180 Thread 0x00000231c10c6800 DEOPT PACKING pc=0x00000231ae307e3c sp=0x00000056534fc870
Event: 1143.180 Thread 0x00000231c10c6800 DEOPT UNPACKING pc=0x00000231a5ba78af sp=0x00000056534fc798 mode 2

Classes redefined (0 events):
No events

Internal exceptions (20 events):
Event: 1140.223 Thread 0x00000231c10be800 Exception <a 'sun/nio/fs/WindowsException'{0x0000000093c91158}> (0x0000000093c91158) thrown at [./src/hotspot/share/prims/jni.cpp, line 615]
Event: 1140.263 Thread 0x00000231c10be800 Exception <a 'java/lang/NoSuchMethodError'{0x0000000093baee78}: <clinit>> (0x0000000093baee78) thrown at [./src/hotspot/share/prims/jni.cpp, line 1362]
Event: 1140.320 Thread 0x00000231c10c3800 Exception <a 'sun/nio/fs/WindowsException'{0x00000000937a9d08}> (0x00000000937a9d08) thrown at [./src/hotspot/share/prims/jni.cpp, line 615]
Event: 1140.671 Thread 0x00000231c10c3800 Implicit null exception at 0x00000231ad6b90ef to 0x00000231ad6b91f4
Event: 1140.736 Thread 0x00000231c10c3800 Exception <a 'java/lang/NoSuchMethodError'{0x0000000091c559f8}: 'java.lang.Object java.lang.invoke.DirectMethodHandle$Holder.invokeVirtual(java.lang.Object, java.lang.Object, int, java.lang.Object)'> (0x0000000091c559f8) thrown at [./src/hotspot/share/interpreter/linkResolver.cpp, line 773]
Event: 1140.778 Thread 0x00000231c10bd800 Exception <a 'java/lang/NoSuchMethodError'{0x0000000091b030d8}: 'void java.lang.invoke.DirectMethodHandle$Holder.invokeVirtual(java.lang.Object, java.lang.Object, int, java.lang.Object)'> (0x0000000091b030d8) thrown at [./src/hotspot/share/interpreter/linkResolver.cpp, line 773]
Event: 1140.778 Thread 0x00000231c10c3800 Exception <a 'java/lang/NoSuchMethodError'{0x0000000091cdc5c0}: 'void java.lang.invoke.DirectMethodHandle$Holder.invokeVirtual(java.lang.Object, java.lang.Object, int, java.lang.Object)'> (0x0000000091cdc5c0) thrown at [./src/hotspot/share/interpreter/linkResolver.cpp, line 773]
Event: 1140.779 Thread 0x00000231c10c6800 Exception <a 'java/lang/NoSuchMethodError'{0x0000000091d9d590}: 'void java.lang.invoke.DirectMethodHandle$Holder.invokeVirtual(java.lang.Object, java.lang.Object, int, java.lang.Object)'> (0x0000000091d9d590) thrown at [./src/hotspot/share/interpreter/linkResolver.cpp, line 773]
Event: 1140.840 Thread 0x00000231c10bd800 Exception <a 'java/lang/NoSuchMethodError'{0x0000000091ad44f8}: 'int java.lang.invoke.DirectMethodHandle$Holder.invokeSpecial(java.lang.Object, java.lang.Object, java.lang.Object, int, java.lang.Object)'> (0x0000000091ad44f8) thrown at [./src/hotspot/share/interpreter/linkResolver.cpp, line 773]
Event: 1140.953 Thread 0x00000231c10c3800 Exception <a 'sun/nio/fs/WindowsException'{0x0000000091899858}> (0x0000000091899858) thrown at [./src/hotspot/share/prims/jni.cpp, line 615]
Event: 1140.953 Thread 0x00000231c10c3800 Exception <a 'sun/nio/fs/WindowsException'{0x000000009189a2a0}> (0x000000009189a2a0) thrown at [./src/hotspot/share/prims/jni.cpp, line 615]
Event: 1140.953 Thread 0x00000231c10c3800 Exception <a 'sun/nio/fs/WindowsException'{0x000000009189a418}> (0x000000009189a418) thrown at [./src/hotspot/share/prims/jni.cpp, line 615]
Event: 1140.953 Thread 0x00000231c10c3800 Exception <a 'sun/nio/fs/WindowsException'{0x000000009189b670}> (0x000000009189b670) thrown at [./src/hotspot/share/prims/jni.cpp, line 615]
Event: 1140.953 Thread 0x00000231c10c3800 Exception <a 'sun/nio/fs/WindowsException'{0x000000009189b7d8}> (0x000000009189b7d8) thrown at [./src/hotspot/share/prims/jni.cpp, line 615]
Event: 1140.954 Thread 0x00000231c10c3800 Exception <a 'sun/nio/fs/WindowsException'{0x0000000091481028}> (0x0000000091481028) thrown at [./src/hotspot/share/prims/jni.cpp, line 615]
Event: 1141.458 Thread 0x00000231c10c3800 Exception <a 'sun/nio/fs/WindowsException'{0x0000000091488980}> (0x0000000091488980) thrown at [./src/hotspot/share/prims/jni.cpp, line 615]
Event: 1142.471 Thread 0x00000231c10c3800 Exception <a 'sun/nio/fs/WindowsException'{0x000000008ed07fe0}> (0x000000008ed07fe0) thrown at [./src/hotspot/share/prims/jni.cpp, line 615]
Event: 1143.044 Thread 0x00000231c10c3800 Exception <a 'sun/nio/fs/WindowsException'{0x000000008d7f5fd8}> (0x000000008d7f5fd8) thrown at [./src/hotspot/share/prims/jni.cpp, line 615]
Event: 1143.177 Thread 0x00000231c10c6800 Exception <a 'sun/nio/fs/WindowsException'{0x000000008f0906d8}> (0x000000008f0906d8) thrown at [./src/hotspot/share/prims/jni.cpp, line 615]
Event: 1143.182 Thread 0x00000231c10c6800 Exception <a 'sun/nio/fs/WindowsException'{0x000000008f0de440}> (0x000000008f0de440) thrown at [./src/hotspot/share/prims/jni.cpp, line 615]

Events (20 events):
Event: 1141.485 Thread 0x00000231bc5cf800 flushing nmethod 0x00000231a838f010
Event: 1141.486 Thread 0x00000231bc5cf800 flushing nmethod 0x00000231a83a5810
Event: 1141.486 Thread 0x00000231bc5cf800 flushing nmethod 0x00000231a83ac810
Event: 1141.486 Thread 0x00000231bc5cf800 flushing nmethod 0x00000231a84cf290
Event: 1141.487 Thread 0x00000231bc5cf800 flushing nmethod 0x00000231a8517e90
Event: 1141.487 Thread 0x00000231bc5cf800 flushing nmethod 0x00000231a861f010
Event: 1141.725 loading class java/util/zip/ZipOutputStream$XEntry
Event: 1141.725 loading class java/util/zip/ZipOutputStream$XEntry done
Event: 1141.814 loading class java/util/Vector$Itr
Event: 1141.819 loading class java/util/Vector$Itr done
Event: 1141.875 Executing VM operation: RevokeBias
Event: 1141.875 Executing VM operation: RevokeBias done
Event: 1142.462 loading class com/android/builder/dexing/DexEntryBucket$getDexEntriesWithContents$1$1$contents$openedJar$1
Event: 1142.462 loading class com/android/builder/dexing/DexEntryBucket$getDexEntriesWithContents$1$1$contents$openedJar$1 done
Event: 1142.466 loading class com/android/builder/dexing/NonIncrementalJarDexArchive
Event: 1142.466 loading class com/android/builder/dexing/NonIncrementalJarDexArchive done
Event: 1143.337 loading class com/google/common/collect/ImmutableList$Builder
Event: 1143.337 loading class com/google/common/collect/ImmutableList$Builder done
Event: 1143.337 loading class com/android/build/gradle/tasks/PackageAndroidArtifact
Event: 1143.337 loading class com/android/build/gradle/tasks/PackageAndroidArtifact done


Dynamic libraries:
0x00007ff788810000 - 0x00007ff78881a000 	C:\Program Files\Android\Android Studio\jre\bin\java.exe
0x00007ffc44830000 - 0x00007ffc44a25000 	C:\WINDOWS\SYSTEM32\ntdll.dll
0x00007ffc42910000 - 0x00007ffc429ce000 	C:\WINDOWS\System32\KERNEL32.DLL
0x00007ffc42320000 - 0x00007ffc425e9000 	C:\WINDOWS\System32\KERNELBASE.dll
0x00007ffc42750000 - 0x00007ffc42850000 	C:\WINDOWS\System32\ucrtbase.dll
0x00007ffc2e770000 - 0x00007ffc2e787000 	C:\Program Files\Android\Android Studio\jre\bin\VCRUNTIME140.dll
0x00007ffc16140000 - 0x00007ffc16159000 	C:\Program Files\Android\Android Studio\jre\bin\jli.dll
0x00007ffc42c00000 - 0x00007ffc42da1000 	C:\WINDOWS\System32\USER32.dll
0x00007ffc42850000 - 0x00007ffc42872000 	C:\WINDOWS\System32\win32u.dll
0x00007ffc42e50000 - 0x00007ffc42e7b000 	C:\WINDOWS\System32\GDI32.dll
0x00007ffc2a570000 - 0x00007ffc2a80a000 	C:\WINDOWS\WinSxS\amd64_microsoft.windows.common-controls_6595b64144ccf1df_6.0.19041.1110_none_60b5254171f9507e\COMCTL32.dll
0x00007ffc42150000 - 0x00007ffc4225b000 	C:\WINDOWS\System32\gdi32full.dll
0x00007ffc429d0000 - 0x00007ffc42a6e000 	C:\WINDOWS\System32\msvcrt.dll
0x00007ffc41fa0000 - 0x00007ffc4203d000 	C:\WINDOWS\System32\msvcp_win.dll
0x00007ffc42880000 - 0x00007ffc428b0000 	C:\WINDOWS\System32\IMM32.DLL
0x00007ffc160a0000 - 0x00007ffc1613d000 	C:\Program Files\Android\Android Studio\jre\bin\msvcp140.dll
0x00007ffb75a50000 - 0x00007ffb7651f000 	C:\Program Files\Android\Android Studio\jre\bin\server\jvm.dll
0x00007ffc44660000 - 0x00007ffc4470c000 	C:\WINDOWS\System32\ADVAPI32.dll
0x00007ffc42db0000 - 0x00007ffc42e4b000 	C:\WINDOWS\System32\sechost.dll
0x00007ffc43b40000 - 0x00007ffc43c6a000 	C:\WINDOWS\System32\RPCRT4.dll
0x00007ffc42f80000 - 0x00007ffc42f88000 	C:\WINDOWS\System32\PSAPI.DLL
0x00007ffc25f40000 - 0x00007ffc25f49000 	C:\WINDOWS\SYSTEM32\WSOCK32.dll
0x00007ffc44590000 - 0x00007ffc445fb000 	C:\WINDOWS\System32\WS2_32.dll
0x00007ffc34d90000 - 0x00007ffc34d9a000 	C:\WINDOWS\SYSTEM32\VERSION.dll
0x00007ffc2a810000 - 0x00007ffc2a837000 	C:\WINDOWS\SYSTEM32\WINMM.dll
0x00007ffc40790000 - 0x00007ffc407a2000 	C:\WINDOWS\SYSTEM32\kernel.appcore.dll
0x00007ffc36920000 - 0x00007ffc36931000 	C:\Program Files\Android\Android Studio\jre\bin\verify.dll
0x00007ffc3fbb0000 - 0x00007ffc3fd94000 	C:\WINDOWS\SYSTEM32\DBGHELP.DLL
0x00007ffc1dcd0000 - 0x00007ffc1dcfc000 	C:\WINDOWS\SYSTEM32\dbgcore.DLL
0x00007ffc42290000 - 0x00007ffc42313000 	C:\WINDOWS\System32\bcryptPrimitives.dll
0x00007ffbfc0c0000 - 0x00007ffbfc0e9000 	C:\Program Files\Android\Android Studio\jre\bin\java.dll
0x00007ffc1c420000 - 0x00007ffc1c42b000 	C:\Program Files\Android\Android Studio\jre\bin\jimage.dll
0x00007ffbff7b0000 - 0x00007ffbff7c8000 	C:\Program Files\Android\Android Studio\jre\bin\zip.dll
0x00007ffc433a0000 - 0x00007ffc43adf000 	C:\WINDOWS\System32\SHELL32.dll
0x00007ffc3fff0000 - 0x00007ffc40780000 	C:\WINDOWS\SYSTEM32\windows.storage.dll
0x00007ffc43040000 - 0x00007ffc43395000 	C:\WINDOWS\System32\combase.dll
0x00007ffc418c0000 - 0x00007ffc418ec000 	C:\WINDOWS\SYSTEM32\Wldp.dll
0x00007ffc443b0000 - 0x00007ffc4445e000 	C:\WINDOWS\System32\SHCORE.dll
0x00007ffc42a70000 - 0x00007ffc42ac5000 	C:\WINDOWS\System32\shlwapi.dll
0x00007ffc41e90000 - 0x00007ffc41eaf000 	C:\WINDOWS\SYSTEM32\profapi.dll
0x00007ffbfe790000 - 0x00007ffbfe7aa000 	C:\Program Files\Android\Android Studio\jre\bin\net.dll
0x00007ffc34800000 - 0x00007ffc34908000 	C:\WINDOWS\SYSTEM32\WINHTTP.dll
0x00007ffc416a0000 - 0x00007ffc4170a000 	C:\WINDOWS\system32\mswsock.dll
0x00007ffbfc8f0000 - 0x00007ffbfc904000 	C:\Program Files\Android\Android Studio\jre\bin\nio.dll
0x00007ffc36820000 - 0x00007ffc36847000 	C:\Users\Erlee\.gradle\native\8bec1ad78214c89d9ad589b4d07fe93259594b29d510b10fafb7a158f7737e5d\windows-amd64\native-platform.dll
0x00007ffb78fb0000 - 0x00007ffb790ed000 	C:\Users\Erlee\.gradle\native\53dbd7edfb1c66fb8903c78663c9afc45aea4f116125fa6feffd364cf09443e8\windows-amd64\native-platform-file-events.dll
0x00007ffc1ba20000 - 0x00007ffc1ba2a000 	C:\Program Files\Android\Android Studio\jre\bin\management.dll
0x00007ffc0da90000 - 0x00007ffc0da9c000 	C:\Program Files\Android\Android Studio\jre\bin\management_ext.dll
0x00007ffc41900000 - 0x00007ffc41918000 	C:\WINDOWS\SYSTEM32\CRYPTSP.dll
0x00007ffc40fd0000 - 0x00007ffc41004000 	C:\WINDOWS\system32\rsaenh.dll
0x00007ffc42260000 - 0x00007ffc42287000 	C:\WINDOWS\System32\bcrypt.dll
0x00007ffc41e10000 - 0x00007ffc41e3e000 	C:\WINDOWS\SYSTEM32\USERENV.dll
0x00007ffc41830000 - 0x00007ffc4183c000 	C:\WINDOWS\SYSTEM32\CRYPTBASE.dll
0x00007ffc41360000 - 0x00007ffc4139b000 	C:\WINDOWS\SYSTEM32\IPHLPAPI.DLL
0x00007ffc44580000 - 0x00007ffc44588000 	C:\WINDOWS\System32\NSI.dll
0x00007ffc33f90000 - 0x00007ffc33fa7000 	C:\WINDOWS\SYSTEM32\dhcpcsvc6.DLL
0x00007ffc34c30000 - 0x00007ffc34c4d000 	C:\WINDOWS\SYSTEM32\dhcpcsvc.DLL
0x00007ffc413b0000 - 0x00007ffc4147c000 	C:\WINDOWS\SYSTEM32\DNSAPI.dll

dbghelp: loaded successfully - version: 4.0.5 - missing functions: none
symbol engine: initialized successfully - sym options: 0x614 - pdb path: .;C:\Program Files\Android\Android Studio\jre\bin;C:\WINDOWS\SYSTEM32;C:\WINDOWS\WinSxS\amd64_microsoft.windows.common-controls_6595b64144ccf1df_6.0.19041.1110_none_60b5254171f9507e;C:\Program Files\Android\Android Studio\jre\bin\server;C:\Users\Erlee\.gradle\native\8bec1ad78214c89d9ad589b4d07fe93259594b29d510b10fafb7a158f7737e5d\windows-amd64;C:\Users\Erlee\.gradle\native\53dbd7edfb1c66fb8903c78663c9afc45aea4f116125fa6feffd364cf09443e8\windows-amd64

VM Arguments:
jvm_args: --add-opens=java.base/java.util=ALL-UNNAMED --add-opens=java.base/java.lang=ALL-UNNAMED --add-opens=java.base/java.lang.invoke=ALL-UNNAMED --add-opens=java.base/java.util=ALL-UNNAMED --add-opens=java.prefs/java.util.prefs=ALL-UNNAMED --add-opens=java.prefs/java.util.prefs=ALL-UNNAMED --add-opens=java.base/java.nio.charset=ALL-UNNAMED --add-opens=java.base/java.net=ALL-UNNAMED --add-opens=java.base/java.util.concurrent.atomic=ALL-UNNAMED -Xmx2048m -Dfile.encoding=UTF-8 -Duser.country=US -Duser.language=en -Duser.variant 
java_command: org.gradle.launcher.daemon.bootstrap.GradleDaemon 7.0.2
java_class_path (initial): C:\Users\Erlee\.gradle\wrapper\dists\gradle-7.0.2-bin\857tjihv64xamwrf0h14cai3r\gradle-7.0.2\lib\gradle-launcher-7.0.2.jar
Launcher Type: SUN_STANDARD

[Global flags]
     intx CICompilerCount                          = 3                                         {product} {ergonomic}
     uint ConcGCThreads                            = 1                                         {product} {ergonomic}
     uint G1ConcRefinementThreads                  = 4                                         {product} {ergonomic}
   size_t G1HeapRegionSize                         = 1048576                                   {product} {ergonomic}
    uintx GCDrainStackTargetSize                   = 64                                        {product} {ergonomic}
   size_t InitialHeapSize                          = 333447168                                 {product} {ergonomic}
   size_t MarkStackSize                            = 4194304                                   {product} {ergonomic}
   size_t MaxHeapSize                              = 2147483648                                {product} {command line}
   size_t MaxNewSize                               = 1287651328                                {product} {ergonomic}
   size_t MinHeapDeltaBytes                        = 1048576                                   {product} {ergonomic}
    uintx NonNMethodCodeHeapSize                   = 5830732                                {pd product} {ergonomic}
    uintx NonProfiledCodeHeapSize                  = 122913754                              {pd product} {ergonomic}
    uintx ProfiledCodeHeapSize                     = 122913754                              {pd product} {ergonomic}
    uintx ReservedCodeCacheSize                    = 251658240                              {pd product} {ergonomic}
     bool SegmentedCodeCache                       = true                                      {product} {ergonomic}
     bool UseCompressedClassPointers               = true                                 {lp64_product} {ergonomic}
     bool UseCompressedOops                        = true                                 {lp64_product} {ergonomic}
     bool UseG1GC                                  = true                                      {product} {ergonomic}
     bool UseLargePagesIndividualAllocation        = false                                  {pd product} {ergonomic}

Logging:
Log output configuration:
 #0: stdout all=warning uptime,level,tags
 #1: stderr all=off uptime,level,tags

Environment Variables:
PATH=C:\Program Files\Common Files\Oracle\Java\javapath;C:\windows\system32;C:\windows;C:\windows\System32\Wbem;C:\windows\System32\WindowsPowerShell\v1.0\;C:\windows\System32\OpenSSH\;C:\Program Files (x86)\NVIDIA Corporation\PhysX\Common;C:\WINDOWS\system32;C:\WINDOWS;C:\WINDOWS\System32\Wbem;C:\WINDOWS\System32\WindowsPowerShell\v1.0\;C:\WINDOWS\System32\OpenSSH\;C:\Program Files (x86)\Microsoft SQL Server\150\DTS\Binn\;C:\Program Files (x86)\Kensington\TrackballWorks;C:\Program Files (x86)\Plantronics\Spokes3G\;C:\Program Files\NVIDIA Corporation\NVIDIA NvDLISR;C:\Program Files\Azure Data Studio\bin;C:\WINDOWS\system32;C:\WINDOWS;C:\WINDOWS\System32\Wbem;C:\WINDOWS\System32\WindowsPowerShell\v1.0\;C:\WINDOWS\System32\OpenSSH\;C:\Program Files (x86)\Intel\Intel(R) Management Engine Components\DAL;C:\Program Files\Intel\Intel(R) Management Engine Components\DAL;C:\Program Files\Git\cmd;C:\Users\Erlee\AppData\Local\Microsoft\WindowsApps;C:\Users\Erlee\AppData\Local\atom\bin;C:\Users\Erlee\AppData\Local\GitHubDesktop\bin;C:\Users\Erlee\AppData\Local\MaxTo\;C:\Users\Erlee\AppData\Local\Programs\Microsoft VS Code\bin;C:\Program Files\Azure Data Studio\bin;C:\Users\Erlee\AppData\Local\Microsoft\WindowsApps;C:\Users\Erlee\AppData\Local\Android\Sdk\platform-tools;
USERNAME=Erlee
OS=Windows_NT
PROCESSOR_IDENTIFIER=Intel64 Family 6 Model 158 Stepping 9, GenuineIntel



---------------  S Y S T E M  ---------------

OS: Windows 10 , 64 bit Build 19041 (10.0.19041.1202)
OS uptime: 2 days 15:57 hours
Hyper-V role detected

CPU:total 4 (initial active 4) (4 cores per cpu, 1 threads per core) family 6 model 158 stepping 9 microcode 0xea, cmov, cx8, fxsr, mmx, sse, sse2, sse3, ssse3, sse4.1, sse4.2, popcnt, avx, avx2, aes, clmul, erms, 3dnowpref, lzcnt, tsc, tscinvbit, bmi1, bmi2, adx, fma

Memory: 4k page, system-wide physical 20329M (645M free)
TotalPageFile size 50651M (AvailPageFile size 5M)
current process WorkingSet (physical memory assigned to process): 697M, peak: 701M
current process commit charge ("private bytes"): 730M, peak: 738M

vm_info: OpenJDK 64-Bit Server VM (11.0.10+0-b96-7249189) for windows-amd64 JRE (11.0.10+0-b96-7249189), built on Mar 31 2021 21:44:00 by "builder" with MS VC++ 14.0 (VS2015)

END.
